<?xml version="1.0" encoding="UTF-8"?>
<coverage generated="1605794265629" clover="3.2.0">
  <project timestamp="1605794265629" name="All files">
    <metrics statements="73" coveredstatements="28" conditionals="19" coveredconditionals="4" methods="25" coveredmethods="4" elements="117" coveredelements="36" complexity="0" loc="73" ncloc="73" packages="4" files="8" classes="8"/>
    <package name="pages.subject.[subject]">
      <metrics statements="18" coveredstatements="11" conditionals="11" coveredconditionals="4" methods="2" coveredmethods="1"/>
      <file name="index.js" path="/Users/kevinbevers/Documents/School/Semester 3 2020-2021/Groups project/fontys-2020-team-abra-cadabra/Abracadabra/abracadabra_web_app/pages/subject/[subject]/index.js">
        <metrics statements="18" coveredstatements="11" conditionals="11" coveredconditionals="4" methods="2" coveredmethods="1"/>
        <line num="9" count="0" type="stmt"/>
        <line num="17" count="0" type="stmt"/>
        <line num="19" count="0" type="cond" truecount="0" falsecount="5"/>
        <line num="21" count="0" type="stmt"/>
        <line num="26" count="0" type="stmt"/>
        <line num="39" count="2" type="stmt"/>
        <line num="40" count="2" type="stmt"/>
        <line num="41" count="2" type="stmt"/>
        <line num="44" count="1" type="stmt"/>
        <line num="47" count="2" type="stmt"/>
        <line num="49" count="2" type="cond" truecount="2" falsecount="0"/>
        <line num="51" count="1" type="stmt"/>
        <line num="53" count="1" type="stmt"/>
        <line num="60" count="1" type="cond" truecount="2" falsecount="2"/>
        <line num="62" count="1" type="stmt"/>
        <line num="64" count="1" type="stmt"/>
        <line num="73" count="0" type="stmt"/>
        <line num="75" count="0" type="stmt"/>
      </file>
    </package>
    <package name="src">
      <metrics statements="12" coveredstatements="4" conditionals="0" coveredconditionals="0" methods="4" coveredmethods="0"/>
      <file name="common-api.js" path="/Users/kevinbevers/Documents/School/Semester 3 2020-2021/Groups project/fontys-2020-team-abra-cadabra/Abracadabra/abracadabra_web_app/src/common-api.js">
        <metrics statements="5" coveredstatements="2" conditionals="0" coveredconditionals="0" methods="2" coveredmethods="0"/>
        <line num="3" count="1" type="stmt"/>
        <line num="4" count="0" type="stmt"/>
        <line num="11" count="1" type="stmt"/>
        <line num="12" count="0" type="stmt"/>
        <line num="13" count="0" type="stmt"/>
      </file>
      <file name="unsecure-common-api.js" path="/Users/kevinbevers/Documents/School/Semester 3 2020-2021/Groups project/fontys-2020-team-abra-cadabra/Abracadabra/abracadabra_web_app/src/unsecure-common-api.js">
        <metrics statements="7" coveredstatements="2" conditionals="0" coveredconditionals="0" methods="2" coveredmethods="0"/>
        <line num="5" count="1" type="stmt"/>
        <line num="6" count="0" type="stmt"/>
        <line num="7" count="0" type="stmt"/>
        <line num="15" count="1" type="stmt"/>
        <line num="16" count="0" type="stmt"/>
        <line num="17" count="0" type="stmt"/>
        <line num="18" count="0" type="stmt"/>
      </file>
    </package>
    <package name="src.components">
      <metrics statements="33" coveredstatements="9" conditionals="8" coveredconditionals="0" methods="15" coveredmethods="3"/>
      <file name="Login.js" path="/Users/kevinbevers/Documents/School/Semester 3 2020-2021/Groups project/fontys-2020-team-abra-cadabra/Abracadabra/abracadabra_web_app/src/components/Login.js">
        <metrics statements="9" coveredstatements="9" conditionals="0" coveredconditionals="0" methods="3" coveredmethods="3"/>
        <line num="7" count="1" type="stmt"/>
        <line num="8" count="3" type="stmt"/>
        <line num="9" count="3" type="stmt"/>
        <line num="11" count="3" type="stmt"/>
        <line num="12" count="2" type="stmt"/>
        <line num="15" count="3" type="stmt"/>
        <line num="16" count="1" type="stmt"/>
        <line num="18" count="1" type="stmt"/>
        <line num="27" count="3" type="stmt"/>
      </file>
      <file name="Navbar.js" path="/Users/kevinbevers/Documents/School/Semester 3 2020-2021/Groups project/fontys-2020-team-abra-cadabra/Abracadabra/abracadabra_web_app/src/components/Navbar.js">
        <metrics statements="14" coveredstatements="0" conditionals="8" coveredconditionals="0" methods="7" coveredmethods="0"/>
        <line num="9" count="0" type="stmt"/>
        <line num="10" count="0" type="stmt"/>
        <line num="12" count="0" type="stmt"/>
        <line num="13" count="0" type="stmt"/>
        <line num="14" count="0" type="stmt"/>
        <line num="17" count="0" type="cond" truecount="0" falsecount="4"/>
        <line num="18" count="0" type="stmt"/>
        <line num="20" count="0" type="cond" truecount="0" falsecount="4"/>
        <line num="21" count="0" type="stmt"/>
        <line num="25" count="0" type="stmt"/>
        <line num="26" count="0" type="stmt"/>
        <line num="27" count="0" type="stmt"/>
        <line num="28" count="0" type="stmt"/>
        <line num="32" count="0" type="stmt"/>
      </file>
      <file name="QuestionBody.js" path="/Users/kevinbevers/Documents/School/Semester 3 2020-2021/Groups project/fontys-2020-team-abra-cadabra/Abracadabra/abracadabra_web_app/src/components/QuestionBody.js">
        <metrics statements="10" coveredstatements="0" conditionals="0" coveredconditionals="0" methods="5" coveredmethods="0"/>
        <line num="4" count="0" type="stmt"/>
        <line num="5" count="0" type="stmt"/>
        <line num="6" count="0" type="stmt"/>
        <line num="7" count="0" type="stmt"/>
        <line num="9" count="0" type="stmt"/>
        <line num="10" count="0" type="stmt"/>
        <line num="11" count="0" type="stmt"/>
        <line num="13" count="0" type="stmt"/>
        <line num="15" count="0" type="stmt"/>
        <line num="26" count="0" type="stmt"/>
      </file>
    </package>
    <package name="src.services">
      <metrics statements="10" coveredstatements="4" conditionals="0" coveredconditionals="0" methods="4" coveredmethods="0"/>
      <file name="AccountService.js" path="/Users/kevinbevers/Documents/School/Semester 3 2020-2021/Groups project/fontys-2020-team-abra-cadabra/Abracadabra/abracadabra_web_app/src/services/AccountService.js">
        <metrics statements="6" coveredstatements="2" conditionals="0" coveredconditionals="0" methods="2" coveredmethods="0"/>
        <line num="3" count="1" type="stmt"/>
        <line num="4" count="0" type="stmt"/>
        <line num="5" count="0" type="stmt"/>
        <line num="6" count="0" type="stmt"/>
        <line num="9" count="1" type="stmt"/>
        <line num="10" count="0" type="stmt"/>
      </file>
      <file name="SubjectService.js" path="/Users/kevinbevers/Documents/School/Semester 3 2020-2021/Groups project/fontys-2020-team-abra-cadabra/Abracadabra/abracadabra_web_app/src/services/SubjectService.js">
        <metrics statements="4" coveredstatements="2" conditionals="0" coveredconditionals="0" methods="2" coveredmethods="0"/>
        <line num="3" count="1" type="stmt"/>
        <line num="4" count="0" type="stmt"/>
        <line num="7" count="1" type="stmt"/>
        <line num="8" count="0" type="stmt"/>
      </file>
    </package>
  </project>
</coverage>
