{"/Users/kevinbevers/Documents/School/Semester 3 2020-2021/Groups project/fontys-2020-team-abra-cadabra/Abracadabra/abracadabra_web_app/pages/subject/[subject]/index.js": {"path":"/Users/kevinbevers/Documents/School/Semester 3 2020-2021/Groups project/fontys-2020-team-abra-cadabra/Abracadabra/abracadabra_web_app/pages/subject/[subject]/index.js","statementMap":{"0":{"start":{"line":9,"column":18},"end":{"line":15,"column":3}},"1":{"start":{"line":17,"column":2},"end":{"line":17,"column":24}},"2":{"start":{"line":19,"column":4},"end":{"line":24,"column":5}},"3":{"start":{"line":21,"column":6},"end":{"line":23,"column":8}},"4":{"start":{"line":26,"column":4},"end":{"line":31,"column":6}},"5":{"start":{"line":39,"column":17},"end":{"line":39,"column":21}},"6":{"start":{"line":40,"column":4},"end":{"line":45,"column":5}},"7":{"start":{"line":41,"column":6},"end":{"line":41,"column":67}},"8":{"start":{"line":44,"column":6},"end":{"line":44,"column":36}},"9":{"start":{"line":47,"column":24},"end":{"line":47,"column":39}},"10":{"start":{"line":49,"column":4},"end":{"line":81,"column":3}},"11":{"start":{"line":51,"column":23},"end":{"line":51,"column":34}},"12":{"start":{"line":53,"column":4},"end":{"line":58,"column":5}},"13":{"start":{"line":60,"column":7},"end":{"line":81,"column":3}},"14":{"start":{"line":62,"column":21},"end":{"line":62,"column":27}},"15":{"start":{"line":64,"column":4},"end":{"line":69,"column":5}},"16":{"start":{"line":73,"column":21},"end":{"line":73,"column":30}},"17":{"start":{"line":75,"column":4},"end":{"line":80,"column":5}}},"fnMap":{"0":{"name":"Subject","decl":{"start":{"line":7,"column":9},"end":{"line":7,"column":16}},"loc":{"start":{"line":7,"column":42},"end":{"line":32,"column":3}},"line":7},"1":{"name":"getServerSideProps","decl":{"start":{"line":37,"column":24},"end":{"line":37,"column":42}},"loc":{"start":{"line":37,"column":55},"end":{"line":82,"column":3}},"line":37}},"branchMap":{"0":{"loc":{"start":{"line":19,"column":4},"end":{"line":24,"column":5}},"type":"if","locations":[{"start":{"line":19,"column":4},"end":{"line":24,"column":5}},{"start":{"line":19,"column":4},"end":{"line":24,"column":5}}],"line":19},"1":{"loc":{"start":{"line":19,"column":7},"end":{"line":19,"column":68}},"type":"binary-expr","locations":[{"start":{"line":19,"column":7},"end":{"line":19,"column":23}},{"start":{"line":19,"column":27},"end":{"line":19,"column":48}},{"start":{"line":19,"column":52},"end":{"line":19,"column":68}}],"line":19},"2":{"loc":{"start":{"line":49,"column":4},"end":{"line":81,"column":3}},"type":"if","locations":[{"start":{"line":49,"column":4},"end":{"line":81,"column":3}},{"start":{"line":49,"column":4},"end":{"line":81,"column":3}}],"line":49},"3":{"loc":{"start":{"line":60,"column":7},"end":{"line":81,"column":3}},"type":"if","locations":[{"start":{"line":60,"column":7},"end":{"line":81,"column":3}},{"start":{"line":60,"column":7},"end":{"line":81,"column":3}}],"line":60},"4":{"loc":{"start":{"line":60,"column":10},"end":{"line":60,"column":42}},"type":"binary-expr","locations":[{"start":{"line":60,"column":10},"end":{"line":60,"column":24}},{"start":{"line":60,"column":28},"end":{"line":60,"column":42}}],"line":60}},"s":{"0":0,"1":0,"2":0,"3":0,"4":0,"5":2,"6":2,"7":2,"8":1,"9":2,"10":2,"11":1,"12":1,"13":1,"14":1,"15":1,"16":0,"17":0},"f":{"0":0,"1":2},"b":{"0":[0,0],"1":[0,0,0],"2":[1,1],"3":[1,0],"4":[1,0]},"_coverageSchema":"1a1c01bbd47fc00a2c39e90264f33305004495a9","hash":"229975dd79d251162358ff5bcedf7e53e437e734"}
,"/Users/kevinbevers/Documents/School/Semester 3 2020-2021/Groups project/fontys-2020-team-abra-cadabra/Abracadabra/abracadabra_web_app/src/common-api.js": {"path":"/Users/kevinbevers/Documents/School/Semester 3 2020-2021/Groups project/fontys-2020-team-abra-cadabra/Abracadabra/abracadabra_web_app/src/common-api.js","statementMap":{"0":{"start":{"line":3,"column":20},"end":{"line":10,"column":1}},"1":{"start":{"line":4,"column":2},"end":{"line":9,"column":2}},"2":{"start":{"line":11,"column":18},"end":{"line":20,"column":1}},"3":{"start":{"line":12,"column":16},"end":{"line":12,"column":45}},"4":{"start":{"line":13,"column":2},"end":{"line":19,"column":2}}},"fnMap":{"0":{"name":"(anonymous_0)","decl":{"start":{"line":3,"column":20},"end":{"line":3,"column":21}},"loc":{"start":{"line":3,"column":26},"end":{"line":10,"column":1}},"line":3},"1":{"name":"(anonymous_1)","decl":{"start":{"line":11,"column":18},"end":{"line":11,"column":19}},"loc":{"start":{"line":11,"column":24},"end":{"line":20,"column":1}},"line":11}},"branchMap":{},"s":{"0":1,"1":0,"2":1,"3":0,"4":0},"f":{"0":0,"1":0},"b":{},"_coverageSchema":"1a1c01bbd47fc00a2c39e90264f33305004495a9","hash":"9638e5d248fdbead04a16fd91bb1789c3a37f2e9"}
,"/Users/kevinbevers/Documents/School/Semester 3 2020-2021/Groups project/fontys-2020-team-abra-cadabra/Abracadabra/abracadabra_web_app/src/unsecure-common-api.js": {"path":"/Users/kevinbevers/Documents/School/Semester 3 2020-2021/Groups project/fontys-2020-team-abra-cadabra/Abracadabra/abracadabra_web_app/src/unsecure-common-api.js","statementMap":{"0":{"start":{"line":5,"column":20},"end":{"line":13,"column":1}},"1":{"start":{"line":6,"column":16},"end":{"line":6,"column":32}},"2":{"start":{"line":7,"column":2},"end":{"line":12,"column":5}},"3":{"start":{"line":15,"column":18},"end":{"line":28,"column":1}},"4":{"start":{"line":16,"column":16},"end":{"line":16,"column":45}},"5":{"start":{"line":17,"column":16},"end":{"line":17,"column":32}},"6":{"start":{"line":18,"column":2},"end":{"line":27,"column":5}}},"fnMap":{"0":{"name":"(anonymous_0)","decl":{"start":{"line":5,"column":20},"end":{"line":5,"column":21}},"loc":{"start":{"line":5,"column":26},"end":{"line":13,"column":1}},"line":5},"1":{"name":"(anonymous_1)","decl":{"start":{"line":15,"column":18},"end":{"line":15,"column":19}},"loc":{"start":{"line":15,"column":24},"end":{"line":28,"column":1}},"line":15}},"branchMap":{},"s":{"0":1,"1":0,"2":0,"3":1,"4":0,"5":0,"6":0},"f":{"0":0,"1":0},"b":{},"_coverageSchema":"1a1c01bbd47fc00a2c39e90264f33305004495a9","hash":"1e1124ed51933deb187de598f3eb800a6837e69f"}
,"/Users/kevinbevers/Documents/School/Semester 3 2020-2021/Groups project/fontys-2020-team-abra-cadabra/Abracadabra/abracadabra_web_app/src/components/Login.js": {"path":"/Users/kevinbevers/Documents/School/Semester 3 2020-2021/Groups project/fontys-2020-team-abra-cadabra/Abracadabra/abracadabra_web_app/src/components/Login.js","statementMap":{"0":{"start":{"line":7,"column":14},"end":{"line":85,"column":1}},"1":{"start":{"line":8,"column":28},"end":{"line":8,"column":65}},"2":{"start":{"line":9,"column":32},"end":{"line":9,"column":44}},"3":{"start":{"line":11,"column":23},"end":{"line":13,"column":3}},"4":{"start":{"line":12,"column":4},"end":{"line":12,"column":68}},"5":{"start":{"line":15,"column":23},"end":{"line":26,"column":3}},"6":{"start":{"line":16,"column":4},"end":{"line":16,"column":27}},"7":{"start":{"line":18,"column":4},"end":{"line":18,"column":31}},"8":{"start":{"line":27,"column":2},"end":{"line":84,"column":4}}},"fnMap":{"0":{"name":"(anonymous_0)","decl":{"start":{"line":7,"column":14},"end":{"line":7,"column":15}},"loc":{"start":{"line":7,"column":20},"end":{"line":85,"column":1}},"line":7},"1":{"name":"(anonymous_1)","decl":{"start":{"line":11,"column":23},"end":{"line":11,"column":24}},"loc":{"start":{"line":11,"column":34},"end":{"line":13,"column":3}},"line":11},"2":{"name":"(anonymous_2)","decl":{"start":{"line":15,"column":23},"end":{"line":15,"column":24}},"loc":{"start":{"line":15,"column":34},"end":{"line":26,"column":3}},"line":15}},"branchMap":{},"s":{"0":1,"1":3,"2":3,"3":3,"4":2,"5":3,"6":1,"7":1,"8":3},"f":{"0":3,"1":2,"2":1},"b":{},"_coverageSchema":"1a1c01bbd47fc00a2c39e90264f33305004495a9","hash":"fd5484892041d1d72478bc5f4200bc89ce9063c3"}
,"/Users/kevinbevers/Documents/School/Semester 3 2020-2021/Groups project/fontys-2020-team-abra-cadabra/Abracadabra/abracadabra_web_app/src/components/Navbar.js": {"path":"/Users/kevinbevers/Documents/School/Semester 3 2020-2021/Groups project/fontys-2020-team-abra-cadabra/Abracadabra/abracadabra_web_app/src/components/Navbar.js","statementMap":{"0":{"start":{"line":9,"column":26},"end":{"line":9,"column":41}},"1":{"start":{"line":10,"column":26},"end":{"line":10,"column":41}},"2":{"start":{"line":12,"column":21},"end":{"line":12,"column":41}},"3":{"start":{"line":12,"column":27},"end":{"line":12,"column":41}},"4":{"start":{"line":13,"column":22},"end":{"line":13,"column":42}},"5":{"start":{"line":13,"column":28},"end":{"line":13,"column":42}},"6":{"start":{"line":14,"column":21},"end":{"line":14,"column":41}},"7":{"start":{"line":14,"column":27},"end":{"line":14,"column":41}},"8":{"start":{"line":17,"column":4},"end":{"line":22,"column":5}},"9":{"start":{"line":18,"column":6},"end":{"line":18,"column":19}},"10":{"start":{"line":20,"column":9},"end":{"line":22,"column":5}},"11":{"start":{"line":21,"column":6},"end":{"line":21,"column":19}},"12":{"start":{"line":25,"column":2},"end":{"line":30,"column":5}},"13":{"start":{"line":26,"column":4},"end":{"line":26,"column":52}},"14":{"start":{"line":27,"column":4},"end":{"line":29,"column":6}},"15":{"start":{"line":28,"column":6},"end":{"line":28,"column":57}},"16":{"start":{"line":32,"column":2},"end":{"line":77,"column":3}}},"fnMap":{"0":{"name":"Navbar","decl":{"start":{"line":8,"column":9},"end":{"line":8,"column":15}},"loc":{"start":{"line":8,"column":32},"end":{"line":78,"column":1}},"line":8},"1":{"name":"(anonymous_1)","decl":{"start":{"line":12,"column":21},"end":{"line":12,"column":22}},"loc":{"start":{"line":12,"column":27},"end":{"line":12,"column":41}},"line":12},"2":{"name":"(anonymous_2)","decl":{"start":{"line":13,"column":22},"end":{"line":13,"column":23}},"loc":{"start":{"line":13,"column":28},"end":{"line":13,"column":42}},"line":13},"3":{"name":"(anonymous_3)","decl":{"start":{"line":14,"column":21},"end":{"line":14,"column":22}},"loc":{"start":{"line":14,"column":27},"end":{"line":14,"column":41}},"line":14},"4":{"name":"handleClick","decl":{"start":{"line":16,"column":11},"end":{"line":16,"column":22}},"loc":{"start":{"line":16,"column":26},"end":{"line":23,"column":3}},"line":16},"5":{"name":"(anonymous_5)","decl":{"start":{"line":25,"column":12},"end":{"line":25,"column":13}},"loc":{"start":{"line":25,"column":18},"end":{"line":30,"column":3}},"line":25},"6":{"name":"(anonymous_6)","decl":{"start":{"line":27,"column":11},"end":{"line":27,"column":12}},"loc":{"start":{"line":27,"column":17},"end":{"line":29,"column":5}},"line":27}},"branchMap":{"0":{"loc":{"start":{"line":17,"column":4},"end":{"line":22,"column":5}},"type":"if","locations":[{"start":{"line":17,"column":4},"end":{"line":22,"column":5}},{"start":{"line":17,"column":4},"end":{"line":22,"column":5}}],"line":17},"1":{"loc":{"start":{"line":17,"column":8},"end":{"line":17,"column":46}},"type":"binary-expr","locations":[{"start":{"line":17,"column":8},"end":{"line":17,"column":38}},{"start":{"line":17,"column":42},"end":{"line":17,"column":46}}],"line":17},"2":{"loc":{"start":{"line":20,"column":9},"end":{"line":22,"column":5}},"type":"if","locations":[{"start":{"line":20,"column":9},"end":{"line":22,"column":5}},{"start":{"line":20,"column":9},"end":{"line":22,"column":5}}],"line":20},"3":{"loc":{"start":{"line":20,"column":13},"end":{"line":20,"column":56}},"type":"binary-expr","locations":[{"start":{"line":20,"column":13},"end":{"line":20,"column":48}},{"start":{"line":20,"column":52},"end":{"line":20,"column":56}}],"line":20}},"s":{"0":0,"1":0,"2":0,"3":0,"4":0,"5":0,"6":0,"7":0,"8":0,"9":0,"10":0,"11":0,"12":0,"13":0,"14":0,"15":0,"16":0},"f":{"0":0,"1":0,"2":0,"3":0,"4":0,"5":0,"6":0},"b":{"0":[0,0],"1":[0,0],"2":[0,0],"3":[0,0]},"_coverageSchema":"1a1c01bbd47fc00a2c39e90264f33305004495a9","hash":"d16950c02eb57a74d629bc3a5ac315995db48d4d"}
,"/Users/kevinbevers/Documents/School/Semester 3 2020-2021/Groups project/fontys-2020-team-abra-cadabra/Abracadabra/abracadabra_web_app/src/components/QuestionBody.js": {"path":"/Users/kevinbevers/Documents/School/Semester 3 2020-2021/Groups project/fontys-2020-team-abra-cadabra/Abracadabra/abracadabra_web_app/src/components/QuestionBody.js","statementMap":{"0":{"start":{"line":4,"column":38},"end":{"line":4,"column":50}},"1":{"start":{"line":5,"column":44},"end":{"line":5,"column":56}},"2":{"start":{"line":6,"column":23},"end":{"line":8,"column":3}},"3":{"start":{"line":7,"column":4},"end":{"line":7,"column":38}},"4":{"start":{"line":9,"column":2},"end":{"line":14,"column":19}},"5":{"start":{"line":10,"column":20},"end":{"line":12,"column":5}},"6":{"start":{"line":11,"column":6},"end":{"line":11,"column":55}},"7":{"start":{"line":13,"column":4},"end":{"line":13,"column":30}},"8":{"start":{"line":15,"column":2},"end":{"line":52,"column":4}},"9":{"start":{"line":26,"column":8},"end":{"line":49,"column":14}}},"fnMap":{"0":{"name":"Title","decl":{"start":{"line":3,"column":9},"end":{"line":3,"column":14}},"loc":{"start":{"line":3,"column":36},"end":{"line":53,"column":1}},"line":3},"1":{"name":"(anonymous_1)","decl":{"start":{"line":6,"column":23},"end":{"line":6,"column":24}},"loc":{"start":{"line":6,"column":34},"end":{"line":8,"column":3}},"line":6},"2":{"name":"(anonymous_2)","decl":{"start":{"line":9,"column":12},"end":{"line":9,"column":13}},"loc":{"start":{"line":9,"column":18},"end":{"line":14,"column":3}},"line":9},"3":{"name":"(anonymous_3)","decl":{"start":{"line":10,"column":36},"end":{"line":10,"column":37}},"loc":{"start":{"line":11,"column":6},"end":{"line":11,"column":55}},"line":11},"4":{"name":"(anonymous_4)","decl":{"start":{"line":25,"column":25},"end":{"line":25,"column":26}},"loc":{"start":{"line":26,"column":8},"end":{"line":49,"column":14}},"line":26}},"branchMap":{},"s":{"0":0,"1":0,"2":0,"3":0,"4":0,"5":0,"6":0,"7":0,"8":0,"9":0},"f":{"0":0,"1":0,"2":0,"3":0,"4":0},"b":{},"_coverageSchema":"1a1c01bbd47fc00a2c39e90264f33305004495a9","hash":"6865ccbafa4bd5812b7ad2bd3c13c804e902348f"}
,"/Users/kevinbevers/Documents/School/Semester 3 2020-2021/Groups project/fontys-2020-team-abra-cadabra/Abracadabra/abracadabra_web_app/src/services/AccountService.js": {"path":"/Users/kevinbevers/Documents/School/Semester 3 2020-2021/Groups project/fontys-2020-team-abra-cadabra/Abracadabra/abracadabra_web_app/src/services/AccountService.js","statementMap":{"0":{"start":{"line":3,"column":14},"end":{"line":7,"column":3}},"1":{"start":{"line":4,"column":21},"end":{"line":4,"column":39}},"2":{"start":{"line":5,"column":4},"end":{"line":5,"column":25}},"3":{"start":{"line":6,"column":4},"end":{"line":6,"column":64}},"4":{"start":{"line":9,"column":19},"end":{"line":11,"column":3}},"5":{"start":{"line":10,"column":4},"end":{"line":10,"column":67}}},"fnMap":{"0":{"name":"(anonymous_0)","decl":{"start":{"line":3,"column":14},"end":{"line":3,"column":15}},"loc":{"start":{"line":3,"column":24},"end":{"line":7,"column":3}},"line":3},"1":{"name":"(anonymous_1)","decl":{"start":{"line":9,"column":19},"end":{"line":9,"column":20}},"loc":{"start":{"line":9,"column":29},"end":{"line":11,"column":3}},"line":9}},"branchMap":{},"s":{"0":1,"1":0,"2":0,"3":0,"4":1,"5":0},"f":{"0":0,"1":0},"b":{},"_coverageSchema":"1a1c01bbd47fc00a2c39e90264f33305004495a9","hash":"58c60d5b01e232dc9a31cf5a1e9adcfc2e0b7c94"}
,"/Users/kevinbevers/Documents/School/Semester 3 2020-2021/Groups project/fontys-2020-team-abra-cadabra/Abracadabra/abracadabra_web_app/src/services/SubjectService.js": {"path":"/Users/kevinbevers/Documents/School/Semester 3 2020-2021/Groups project/fontys-2020-team-abra-cadabra/Abracadabra/abracadabra_web_app/src/services/SubjectService.js","statementMap":{"0":{"start":{"line":3,"column":23},"end":{"line":5,"column":3}},"1":{"start":{"line":4,"column":4},"end":{"line":4,"column":50}},"2":{"start":{"line":7,"column":25},"end":{"line":9,"column":3}},"3":{"start":{"line":8,"column":6},"end":{"line":8,"column":74}}},"fnMap":{"0":{"name":"(anonymous_0)","decl":{"start":{"line":3,"column":23},"end":{"line":3,"column":24}},"loc":{"start":{"line":3,"column":29},"end":{"line":5,"column":3}},"line":3},"1":{"name":"(anonymous_1)","decl":{"start":{"line":7,"column":25},"end":{"line":7,"column":26}},"loc":{"start":{"line":7,"column":35},"end":{"line":9,"column":3}},"line":7}},"branchMap":{},"s":{"0":1,"1":0,"2":1,"3":0},"f":{"0":0,"1":0},"b":{},"_coverageSchema":"1a1c01bbd47fc00a2c39e90264f33305004495a9","hash":"5c7915f5081277b2a1ac5ef9e03844fdc2353ab3"}
}
