{"C:\\Users\\tijme\\Documents\\Semester 3\\fontys-2020-team-abra-cadabra\\Abracadabra\\abracadabra_web_app\\pages\\subject\\[subject]\\answered.js": {"path":"C:\\Users\\tijme\\Documents\\Semester 3\\fontys-2020-team-abra-cadabra\\Abracadabra\\abracadabra_web_app\\pages\\subject\\[subject]\\answered.js","statementMap":{"0":{"start":{"line":10,"column":4},"end":{"line":14,"column":5}},"1":{"start":{"line":11,"column":8},"end":{"line":13,"column":10}},"2":{"start":{"line":16,"column":4},"end":{"line":22,"column":6}},"3":{"start":{"line":30,"column":17},"end":{"line":30,"column":21}},"4":{"start":{"line":31,"column":4},"end":{"line":35,"column":5}},"5":{"start":{"line":32,"column":8},"end":{"line":32,"column":71}},"6":{"start":{"line":34,"column":8},"end":{"line":34,"column":38}},"7":{"start":{"line":37,"column":24},"end":{"line":37,"column":39}},"8":{"start":{"line":39,"column":4},"end":{"line":78,"column":5}},"9":{"start":{"line":41,"column":23},"end":{"line":41,"column":33}},"10":{"start":{"line":42,"column":20},"end":{"line":42,"column":24}},"11":{"start":{"line":43,"column":8},"end":{"line":47,"column":9}},"12":{"start":{"line":44,"column":12},"end":{"line":44,"column":84}},"13":{"start":{"line":46,"column":12},"end":{"line":46,"column":41}},"14":{"start":{"line":49,"column":25},"end":{"line":49,"column":63}},"15":{"start":{"line":51,"column":8},"end":{"line":56,"column":9}},"16":{"start":{"line":58,"column":9},"end":{"line":78,"column":5}},"17":{"start":{"line":59,"column":25},"end":{"line":59,"column":31}},"18":{"start":{"line":61,"column":8},"end":{"line":66,"column":9}},"19":{"start":{"line":70,"column":25},"end":{"line":70,"column":34}},"20":{"start":{"line":72,"column":8},"end":{"line":77,"column":9}}},"fnMap":{"0":{"name":"Subject","decl":{"start":{"line":8,"column":9},"end":{"line":8,"column":16}},"loc":{"start":{"line":8,"column":44},"end":{"line":23,"column":1}},"line":8},"1":{"name":"getServerSideProps","decl":{"start":{"line":28,"column":22},"end":{"line":28,"column":40}},"loc":{"start":{"line":28,"column":53},"end":{"line":79,"column":1}},"line":28}},"branchMap":{"0":{"loc":{"start":{"line":10,"column":4},"end":{"line":14,"column":5}},"type":"if","locations":[{"start":{"line":10,"column":4},"end":{"line":14,"column":5}},{"start":{"line":10,"column":4},"end":{"line":14,"column":5}}],"line":10},"1":{"loc":{"start":{"line":10,"column":8},"end":{"line":10,"column":69}},"type":"binary-expr","locations":[{"start":{"line":10,"column":8},"end":{"line":10,"column":24}},{"start":{"line":10,"column":28},"end":{"line":10,"column":49}},{"start":{"line":10,"column":53},"end":{"line":10,"column":69}}],"line":10},"2":{"loc":{"start":{"line":39,"column":4},"end":{"line":78,"column":5}},"type":"if","locations":[{"start":{"line":39,"column":4},"end":{"line":78,"column":5}},{"start":{"line":39,"column":4},"end":{"line":78,"column":5}}],"line":39},"3":{"loc":{"start":{"line":58,"column":9},"end":{"line":78,"column":5}},"type":"if","locations":[{"start":{"line":58,"column":9},"end":{"line":78,"column":5}},{"start":{"line":58,"column":9},"end":{"line":78,"column":5}}],"line":58},"4":{"loc":{"start":{"line":58,"column":13},"end":{"line":58,"column":45}},"type":"binary-expr","locations":[{"start":{"line":58,"column":13},"end":{"line":58,"column":27}},{"start":{"line":58,"column":31},"end":{"line":58,"column":45}}],"line":58}},"s":{"0":2,"1":1,"2":1,"3":2,"4":2,"5":2,"6":1,"7":2,"8":2,"9":1,"10":1,"11":1,"12":1,"13":0,"14":1,"15":1,"16":1,"17":1,"18":1,"19":0,"20":0},"f":{"0":2,"1":2},"b":{"0":[1,1],"1":[2,1,1],"2":[1,1],"3":[1,0],"4":[1,0]},"_coverageSchema":"1a1c01bbd47fc00a2c39e90264f33305004495a9","hash":"50768c9d8183ae034d027db3e9e6575115739c44"}
,"C:\\Users\\tijme\\Documents\\Semester 3\\fontys-2020-team-abra-cadabra\\Abracadabra\\abracadabra_web_app\\pages\\subject\\[subject]\\createquestion.js": {"path":"C:\\Users\\tijme\\Documents\\Semester 3\\fontys-2020-team-abra-cadabra\\Abracadabra\\abracadabra_web_app\\pages\\subject\\[subject]\\createquestion.js","statementMap":{"0":{"start":{"line":12,"column":19},"end":{"line":12,"column":30}},"1":{"start":{"line":13,"column":24},"end":{"line":13,"column":36}},"2":{"start":{"line":15,"column":42},"end":{"line":15,"column":52}},"3":{"start":{"line":16,"column":38},"end":{"line":16,"column":53}},"4":{"start":{"line":17,"column":34},"end":{"line":17,"column":46}},"5":{"start":{"line":18,"column":30},"end":{"line":18,"column":87}},"6":{"start":{"line":19,"column":36},"end":{"line":19,"column":63}},"7":{"start":{"line":20,"column":35},"end":{"line":20,"column":43}},"8":{"start":{"line":21,"column":28},"end":{"line":21,"column":55}},"9":{"start":{"line":24,"column":30},"end":{"line":26,"column":5}},"10":{"start":{"line":25,"column":8},"end":{"line":25,"column":105}},"11":{"start":{"line":28,"column":25},"end":{"line":50,"column":5}},"12":{"start":{"line":29,"column":21},"end":{"line":29,"column":40}},"13":{"start":{"line":30,"column":8},"end":{"line":48,"column":9}},"14":{"start":{"line":31,"column":12},"end":{"line":31,"column":35}},"15":{"start":{"line":32,"column":12},"end":{"line":32,"column":36}},"16":{"start":{"line":35,"column":12},"end":{"line":35,"column":35}},"17":{"start":{"line":36,"column":32},"end":{"line":36,"column":44}},"18":{"start":{"line":37,"column":12},"end":{"line":37,"column":67}},"19":{"start":{"line":38,"column":12},"end":{"line":47,"column":15}},"20":{"start":{"line":40,"column":14},"end":{"line":40,"column":45}},"21":{"start":{"line":41,"column":14},"end":{"line":43,"column":16}},"22":{"start":{"line":46,"column":14},"end":{"line":46,"column":33}},"23":{"start":{"line":49,"column":8},"end":{"line":49,"column":27}},"24":{"start":{"line":51,"column":34},"end":{"line":57,"column":5}},"25":{"start":{"line":52,"column":32},"end":{"line":52,"column":40}},"26":{"start":{"line":53,"column":21},"end":{"line":53,"column":30}},"27":{"start":{"line":54,"column":8},"end":{"line":54,"column":34}},"28":{"start":{"line":55,"column":8},"end":{"line":55,"column":22}},"29":{"start":{"line":56,"column":8},"end":{"line":56,"column":49}},"30":{"start":{"line":58,"column":30},"end":{"line":62,"column":5}},"31":{"start":{"line":59,"column":21},"end":{"line":59,"column":30}},"32":{"start":{"line":60,"column":8},"end":{"line":60,"column":30}},"33":{"start":{"line":61,"column":8},"end":{"line":61,"column":22}},"34":{"start":{"line":63,"column":27},"end":{"line":65,"column":5}},"35":{"start":{"line":64,"column":8},"end":{"line":64,"column":44}},"36":{"start":{"line":67,"column":4},"end":{"line":112,"column":6}},"37":{"start":{"line":89,"column":24},"end":{"line":102,"column":26}},"38":{"start":{"line":96,"column":51},"end":{"line":96,"column":78}},"39":{"start":{"line":99,"column":51},"end":{"line":99,"column":71}}},"fnMap":{"0":{"name":"QuestionForm","decl":{"start":{"line":10,"column":9},"end":{"line":10,"column":21}},"loc":{"start":{"line":10,"column":24},"end":{"line":113,"column":1}},"line":10},"1":{"name":"(anonymous_1)","decl":{"start":{"line":24,"column":30},"end":{"line":24,"column":31}},"loc":{"start":{"line":24,"column":35},"end":{"line":26,"column":5}},"line":24},"2":{"name":"(anonymous_2)","decl":{"start":{"line":28,"column":25},"end":{"line":28,"column":26}},"loc":{"start":{"line":28,"column":42},"end":{"line":50,"column":5}},"line":28},"3":{"name":"(anonymous_3)","decl":{"start":{"line":39,"column":18},"end":{"line":39,"column":19}},"loc":{"start":{"line":39,"column":32},"end":{"line":44,"column":13}},"line":39},"4":{"name":"(anonymous_4)","decl":{"start":{"line":45,"column":19},"end":{"line":45,"column":20}},"loc":{"start":{"line":45,"column":30},"end":{"line":47,"column":13}},"line":45},"5":{"name":"(anonymous_5)","decl":{"start":{"line":51,"column":34},"end":{"line":51,"column":35}},"loc":{"start":{"line":51,"column":48},"end":{"line":57,"column":5}},"line":51},"6":{"name":"(anonymous_6)","decl":{"start":{"line":58,"column":30},"end":{"line":58,"column":31}},"loc":{"start":{"line":58,"column":39},"end":{"line":62,"column":5}},"line":58},"7":{"name":"(anonymous_7)","decl":{"start":{"line":63,"column":27},"end":{"line":63,"column":28}},"loc":{"start":{"line":63,"column":33},"end":{"line":65,"column":5}},"line":63},"8":{"name":"(anonymous_8)","decl":{"start":{"line":88,"column":30},"end":{"line":88,"column":31}},"loc":{"start":{"line":88,"column":40},"end":{"line":103,"column":21}},"line":88},"9":{"name":"(anonymous_9)","decl":{"start":{"line":96,"column":46},"end":{"line":96,"column":47}},"loc":{"start":{"line":96,"column":51},"end":{"line":96,"column":78}},"line":96},"10":{"name":"(anonymous_10)","decl":{"start":{"line":99,"column":45},"end":{"line":99,"column":46}},"loc":{"start":{"line":99,"column":51},"end":{"line":99,"column":71}},"line":99}},"branchMap":{"0":{"loc":{"start":{"line":30,"column":8},"end":{"line":48,"column":9}},"type":"if","locations":[{"start":{"line":30,"column":8},"end":{"line":48,"column":9}},{"start":{"line":30,"column":8},"end":{"line":48,"column":9}}],"line":30}},"s":{"0":6,"1":6,"2":6,"3":6,"4":6,"5":6,"6":6,"7":6,"8":6,"9":6,"10":2,"11":6,"12":1,"13":1,"14":0,"15":0,"16":1,"17":1,"18":1,"19":1,"20":1,"21":1,"22":0,"23":1,"24":6,"25":0,"26":0,"27":0,"28":0,"29":0,"30":6,"31":0,"32":0,"33":0,"34":6,"35":0,"36":6,"37":6,"38":0,"39":0},"f":{"0":6,"1":2,"2":1,"3":1,"4":0,"5":0,"6":0,"7":0,"8":6,"9":0,"10":0},"b":{"0":[0,1]},"_coverageSchema":"1a1c01bbd47fc00a2c39e90264f33305004495a9","hash":"bf651031387fa21c7e346b587e2dfdbf6b56400d"}
,"C:\\Users\\tijme\\Documents\\Semester 3\\fontys-2020-team-abra-cadabra\\Abracadabra\\abracadabra_web_app\\pages\\subject\\[subject]\\expert.js": {"path":"C:\\Users\\tijme\\Documents\\Semester 3\\fontys-2020-team-abra-cadabra\\Abracadabra\\abracadabra_web_app\\pages\\subject\\[subject]\\expert.js","statementMap":{"0":{"start":{"line":11,"column":4},"end":{"line":15,"column":5}},"1":{"start":{"line":12,"column":8},"end":{"line":14,"column":10}},"2":{"start":{"line":17,"column":4},"end":{"line":23,"column":6}},"3":{"start":{"line":31,"column":17},"end":{"line":31,"column":21}},"4":{"start":{"line":32,"column":4},"end":{"line":36,"column":5}},"5":{"start":{"line":33,"column":8},"end":{"line":33,"column":71}},"6":{"start":{"line":35,"column":8},"end":{"line":35,"column":38}},"7":{"start":{"line":38,"column":24},"end":{"line":38,"column":39}},"8":{"start":{"line":40,"column":4},"end":{"line":78,"column":5}},"9":{"start":{"line":42,"column":23},"end":{"line":42,"column":31}},"10":{"start":{"line":43,"column":20},"end":{"line":43,"column":24}},"11":{"start":{"line":44,"column":8},"end":{"line":48,"column":9}},"12":{"start":{"line":45,"column":12},"end":{"line":45,"column":84}},"13":{"start":{"line":47,"column":12},"end":{"line":47,"column":41}},"14":{"start":{"line":49,"column":25},"end":{"line":49,"column":63}},"15":{"start":{"line":51,"column":8},"end":{"line":56,"column":9}},"16":{"start":{"line":58,"column":9},"end":{"line":78,"column":5}},"17":{"start":{"line":59,"column":25},"end":{"line":59,"column":31}},"18":{"start":{"line":61,"column":8},"end":{"line":66,"column":9}},"19":{"start":{"line":70,"column":25},"end":{"line":70,"column":34}},"20":{"start":{"line":72,"column":8},"end":{"line":77,"column":9}}},"fnMap":{"0":{"name":"Subject","decl":{"start":{"line":9,"column":9},"end":{"line":9,"column":16}},"loc":{"start":{"line":9,"column":44},"end":{"line":24,"column":1}},"line":9},"1":{"name":"getServerSideProps","decl":{"start":{"line":29,"column":22},"end":{"line":29,"column":40}},"loc":{"start":{"line":29,"column":53},"end":{"line":79,"column":1}},"line":29}},"branchMap":{"0":{"loc":{"start":{"line":11,"column":4},"end":{"line":15,"column":5}},"type":"if","locations":[{"start":{"line":11,"column":4},"end":{"line":15,"column":5}},{"start":{"line":11,"column":4},"end":{"line":15,"column":5}}],"line":11},"1":{"loc":{"start":{"line":11,"column":8},"end":{"line":11,"column":69}},"type":"binary-expr","locations":[{"start":{"line":11,"column":8},"end":{"line":11,"column":24}},{"start":{"line":11,"column":28},"end":{"line":11,"column":49}},{"start":{"line":11,"column":53},"end":{"line":11,"column":69}}],"line":11},"2":{"loc":{"start":{"line":40,"column":4},"end":{"line":78,"column":5}},"type":"if","locations":[{"start":{"line":40,"column":4},"end":{"line":78,"column":5}},{"start":{"line":40,"column":4},"end":{"line":78,"column":5}}],"line":40},"3":{"loc":{"start":{"line":58,"column":9},"end":{"line":78,"column":5}},"type":"if","locations":[{"start":{"line":58,"column":9},"end":{"line":78,"column":5}},{"start":{"line":58,"column":9},"end":{"line":78,"column":5}}],"line":58},"4":{"loc":{"start":{"line":58,"column":13},"end":{"line":58,"column":45}},"type":"binary-expr","locations":[{"start":{"line":58,"column":13},"end":{"line":58,"column":27}},{"start":{"line":58,"column":31},"end":{"line":58,"column":45}}],"line":58}},"s":{"0":2,"1":1,"2":1,"3":2,"4":2,"5":2,"6":1,"7":2,"8":2,"9":1,"10":1,"11":1,"12":1,"13":0,"14":1,"15":1,"16":1,"17":1,"18":1,"19":0,"20":0},"f":{"0":2,"1":2},"b":{"0":[1,1],"1":[2,1,1],"2":[1,1],"3":[1,0],"4":[1,0]},"_coverageSchema":"1a1c01bbd47fc00a2c39e90264f33305004495a9","hash":"968a2b0bfb8c58206bcf2db9b36e8aa2d794a5cc"}
,"C:\\Users\\tijme\\Documents\\Semester 3\\fontys-2020-team-abra-cadabra\\Abracadabra\\abracadabra_web_app\\pages\\subject\\[subject]\\index.js": {"path":"C:\\Users\\tijme\\Documents\\Semester 3\\fontys-2020-team-abra-cadabra\\Abracadabra\\abracadabra_web_app\\pages\\subject\\[subject]\\index.js","statementMap":{"0":{"start":{"line":10,"column":2},"end":{"line":12,"column":3}},"1":{"start":{"line":11,"column":4},"end":{"line":11,"column":49}},"2":{"start":{"line":14,"column":2},"end":{"line":20,"column":4}},"3":{"start":{"line":27,"column":2},"end":{"line":72,"column":3}},"4":{"start":{"line":28,"column":17},"end":{"line":28,"column":21}},"5":{"start":{"line":29,"column":4},"end":{"line":33,"column":5}},"6":{"start":{"line":30,"column":6},"end":{"line":30,"column":69}},"7":{"start":{"line":32,"column":6},"end":{"line":32,"column":36}},"8":{"start":{"line":35,"column":24},"end":{"line":35,"column":39}},"9":{"start":{"line":37,"column":4},"end":{"line":71,"column":5}},"10":{"start":{"line":38,"column":21},"end":{"line":38,"column":26}},"11":{"start":{"line":39,"column":18},"end":{"line":39,"column":22}},"12":{"start":{"line":40,"column":6},"end":{"line":44,"column":7}},"13":{"start":{"line":41,"column":8},"end":{"line":41,"column":80}},"14":{"start":{"line":43,"column":8},"end":{"line":43,"column":37}},"15":{"start":{"line":45,"column":23},"end":{"line":45,"column":61}},"16":{"start":{"line":47,"column":6},"end":{"line":52,"column":8}},"17":{"start":{"line":53,"column":11},"end":{"line":71,"column":5}},"18":{"start":{"line":54,"column":23},"end":{"line":54,"column":29}},"19":{"start":{"line":56,"column":6},"end":{"line":61,"column":8}},"20":{"start":{"line":63,"column":23},"end":{"line":63,"column":32}},"21":{"start":{"line":65,"column":6},"end":{"line":70,"column":8}}},"fnMap":{"0":{"name":"Subject","decl":{"start":{"line":9,"column":9},"end":{"line":9,"column":16}},"loc":{"start":{"line":9,"column":44},"end":{"line":21,"column":1}},"line":9},"1":{"name":"getServerSideProps","decl":{"start":{"line":25,"column":22},"end":{"line":25,"column":40}},"loc":{"start":{"line":25,"column":53},"end":{"line":73,"column":1}},"line":25}},"branchMap":{"0":{"loc":{"start":{"line":10,"column":2},"end":{"line":12,"column":3}},"type":"if","locations":[{"start":{"line":10,"column":2},"end":{"line":12,"column":3}},{"start":{"line":10,"column":2},"end":{"line":12,"column":3}}],"line":10},"1":{"loc":{"start":{"line":10,"column":6},"end":{"line":10,"column":67}},"type":"binary-expr","locations":[{"start":{"line":10,"column":6},"end":{"line":10,"column":22}},{"start":{"line":10,"column":26},"end":{"line":10,"column":47}},{"start":{"line":10,"column":51},"end":{"line":10,"column":67}}],"line":10},"2":{"loc":{"start":{"line":27,"column":2},"end":{"line":72,"column":3}},"type":"if","locations":[{"start":{"line":27,"column":2},"end":{"line":72,"column":3}},{"start":{"line":27,"column":2},"end":{"line":72,"column":3}}],"line":27},"3":{"loc":{"start":{"line":37,"column":4},"end":{"line":71,"column":5}},"type":"if","locations":[{"start":{"line":37,"column":4},"end":{"line":71,"column":5}},{"start":{"line":37,"column":4},"end":{"line":71,"column":5}}],"line":37},"4":{"loc":{"start":{"line":53,"column":11},"end":{"line":71,"column":5}},"type":"if","locations":[{"start":{"line":53,"column":11},"end":{"line":71,"column":5}},{"start":{"line":53,"column":11},"end":{"line":71,"column":5}}],"line":53},"5":{"loc":{"start":{"line":53,"column":15},"end":{"line":53,"column":47}},"type":"binary-expr","locations":[{"start":{"line":53,"column":15},"end":{"line":53,"column":29}},{"start":{"line":53,"column":33},"end":{"line":53,"column":47}}],"line":53}},"s":{"0":3,"1":1,"2":2,"3":3,"4":3,"5":3,"6":3,"7":1,"8":3,"9":3,"10":2,"11":2,"12":2,"13":2,"14":0,"15":2,"16":2,"17":1,"18":1,"19":1,"20":0,"21":0},"f":{"0":3,"1":3},"b":{"0":[1,2],"1":[3,2,2],"2":[3,0],"3":[2,1],"4":[1,0],"5":[1,0]},"_coverageSchema":"1a1c01bbd47fc00a2c39e90264f33305004495a9","hash":"848d3ecc4e02ad80e8aaeea04ebf50d267261be6"}
,"C:\\Users\\tijme\\Documents\\Semester 3\\fontys-2020-team-abra-cadabra\\Abracadabra\\abracadabra_web_app\\pages\\subject\\[subject]\\trending.js": {"path":"C:\\Users\\tijme\\Documents\\Semester 3\\fontys-2020-team-abra-cadabra\\Abracadabra\\abracadabra_web_app\\pages\\subject\\[subject]\\trending.js","statementMap":{"0":{"start":{"line":10,"column":4},"end":{"line":14,"column":5}},"1":{"start":{"line":11,"column":8},"end":{"line":13,"column":10}},"2":{"start":{"line":16,"column":4},"end":{"line":22,"column":6}},"3":{"start":{"line":30,"column":17},"end":{"line":30,"column":21}},"4":{"start":{"line":31,"column":4},"end":{"line":35,"column":5}},"5":{"start":{"line":32,"column":8},"end":{"line":32,"column":71}},"6":{"start":{"line":34,"column":8},"end":{"line":34,"column":38}},"7":{"start":{"line":37,"column":24},"end":{"line":37,"column":39}},"8":{"start":{"line":39,"column":4},"end":{"line":79,"column":5}},"9":{"start":{"line":41,"column":23},"end":{"line":41,"column":33}},"10":{"start":{"line":42,"column":20},"end":{"line":42,"column":24}},"11":{"start":{"line":43,"column":8},"end":{"line":47,"column":9}},"12":{"start":{"line":44,"column":12},"end":{"line":44,"column":84}},"13":{"start":{"line":46,"column":12},"end":{"line":46,"column":41}},"14":{"start":{"line":50,"column":25},"end":{"line":50,"column":63}},"15":{"start":{"line":52,"column":8},"end":{"line":57,"column":9}},"16":{"start":{"line":59,"column":9},"end":{"line":79,"column":5}},"17":{"start":{"line":60,"column":25},"end":{"line":60,"column":31}},"18":{"start":{"line":62,"column":8},"end":{"line":67,"column":9}},"19":{"start":{"line":71,"column":25},"end":{"line":71,"column":34}},"20":{"start":{"line":73,"column":8},"end":{"line":78,"column":9}}},"fnMap":{"0":{"name":"Subject","decl":{"start":{"line":8,"column":9},"end":{"line":8,"column":16}},"loc":{"start":{"line":8,"column":44},"end":{"line":23,"column":1}},"line":8},"1":{"name":"getServerSideProps","decl":{"start":{"line":28,"column":22},"end":{"line":28,"column":40}},"loc":{"start":{"line":28,"column":53},"end":{"line":80,"column":1}},"line":28}},"branchMap":{"0":{"loc":{"start":{"line":10,"column":4},"end":{"line":14,"column":5}},"type":"if","locations":[{"start":{"line":10,"column":4},"end":{"line":14,"column":5}},{"start":{"line":10,"column":4},"end":{"line":14,"column":5}}],"line":10},"1":{"loc":{"start":{"line":10,"column":8},"end":{"line":10,"column":69}},"type":"binary-expr","locations":[{"start":{"line":10,"column":8},"end":{"line":10,"column":24}},{"start":{"line":10,"column":28},"end":{"line":10,"column":49}},{"start":{"line":10,"column":53},"end":{"line":10,"column":69}}],"line":10},"2":{"loc":{"start":{"line":39,"column":4},"end":{"line":79,"column":5}},"type":"if","locations":[{"start":{"line":39,"column":4},"end":{"line":79,"column":5}},{"start":{"line":39,"column":4},"end":{"line":79,"column":5}}],"line":39},"3":{"loc":{"start":{"line":59,"column":9},"end":{"line":79,"column":5}},"type":"if","locations":[{"start":{"line":59,"column":9},"end":{"line":79,"column":5}},{"start":{"line":59,"column":9},"end":{"line":79,"column":5}}],"line":59},"4":{"loc":{"start":{"line":59,"column":13},"end":{"line":59,"column":45}},"type":"binary-expr","locations":[{"start":{"line":59,"column":13},"end":{"line":59,"column":27}},{"start":{"line":59,"column":31},"end":{"line":59,"column":45}}],"line":59}},"s":{"0":2,"1":1,"2":1,"3":2,"4":2,"5":2,"6":1,"7":2,"8":2,"9":1,"10":1,"11":1,"12":1,"13":0,"14":1,"15":1,"16":1,"17":1,"18":1,"19":0,"20":0},"f":{"0":2,"1":2},"b":{"0":[1,1],"1":[2,1,1],"2":[1,1],"3":[1,0],"4":[1,0]},"_coverageSchema":"1a1c01bbd47fc00a2c39e90264f33305004495a9","hash":"289bcdc733cf95f65f81650422c913b65558e98e"}
,"C:\\Users\\tijme\\Documents\\Semester 3\\fontys-2020-team-abra-cadabra\\Abracadabra\\abracadabra_web_app\\pages\\subject\\[subject]\\unanswered.js": {"path":"C:\\Users\\tijme\\Documents\\Semester 3\\fontys-2020-team-abra-cadabra\\Abracadabra\\abracadabra_web_app\\pages\\subject\\[subject]\\unanswered.js","statementMap":{"0":{"start":{"line":10,"column":4},"end":{"line":14,"column":5}},"1":{"start":{"line":11,"column":8},"end":{"line":13,"column":10}},"2":{"start":{"line":16,"column":4},"end":{"line":22,"column":6}},"3":{"start":{"line":30,"column":17},"end":{"line":30,"column":21}},"4":{"start":{"line":31,"column":4},"end":{"line":35,"column":5}},"5":{"start":{"line":32,"column":8},"end":{"line":32,"column":71}},"6":{"start":{"line":34,"column":8},"end":{"line":34,"column":38}},"7":{"start":{"line":37,"column":24},"end":{"line":37,"column":39}},"8":{"start":{"line":39,"column":4},"end":{"line":78,"column":5}},"9":{"start":{"line":41,"column":23},"end":{"line":41,"column":35}},"10":{"start":{"line":42,"column":20},"end":{"line":42,"column":24}},"11":{"start":{"line":43,"column":8},"end":{"line":47,"column":9}},"12":{"start":{"line":44,"column":12},"end":{"line":44,"column":84}},"13":{"start":{"line":46,"column":12},"end":{"line":46,"column":41}},"14":{"start":{"line":49,"column":25},"end":{"line":49,"column":63}},"15":{"start":{"line":51,"column":8},"end":{"line":56,"column":9}},"16":{"start":{"line":58,"column":9},"end":{"line":78,"column":5}},"17":{"start":{"line":59,"column":25},"end":{"line":59,"column":31}},"18":{"start":{"line":61,"column":8},"end":{"line":66,"column":9}},"19":{"start":{"line":70,"column":25},"end":{"line":70,"column":34}},"20":{"start":{"line":72,"column":8},"end":{"line":77,"column":9}}},"fnMap":{"0":{"name":"Subject","decl":{"start":{"line":8,"column":9},"end":{"line":8,"column":16}},"loc":{"start":{"line":8,"column":44},"end":{"line":23,"column":1}},"line":8},"1":{"name":"getServerSideProps","decl":{"start":{"line":28,"column":22},"end":{"line":28,"column":40}},"loc":{"start":{"line":28,"column":53},"end":{"line":79,"column":1}},"line":28}},"branchMap":{"0":{"loc":{"start":{"line":10,"column":4},"end":{"line":14,"column":5}},"type":"if","locations":[{"start":{"line":10,"column":4},"end":{"line":14,"column":5}},{"start":{"line":10,"column":4},"end":{"line":14,"column":5}}],"line":10},"1":{"loc":{"start":{"line":10,"column":8},"end":{"line":10,"column":69}},"type":"binary-expr","locations":[{"start":{"line":10,"column":8},"end":{"line":10,"column":24}},{"start":{"line":10,"column":28},"end":{"line":10,"column":49}},{"start":{"line":10,"column":53},"end":{"line":10,"column":69}}],"line":10},"2":{"loc":{"start":{"line":39,"column":4},"end":{"line":78,"column":5}},"type":"if","locations":[{"start":{"line":39,"column":4},"end":{"line":78,"column":5}},{"start":{"line":39,"column":4},"end":{"line":78,"column":5}}],"line":39},"3":{"loc":{"start":{"line":58,"column":9},"end":{"line":78,"column":5}},"type":"if","locations":[{"start":{"line":58,"column":9},"end":{"line":78,"column":5}},{"start":{"line":58,"column":9},"end":{"line":78,"column":5}}],"line":58},"4":{"loc":{"start":{"line":58,"column":13},"end":{"line":58,"column":45}},"type":"binary-expr","locations":[{"start":{"line":58,"column":13},"end":{"line":58,"column":27}},{"start":{"line":58,"column":31},"end":{"line":58,"column":45}}],"line":58}},"s":{"0":2,"1":1,"2":1,"3":2,"4":2,"5":2,"6":1,"7":2,"8":2,"9":1,"10":1,"11":1,"12":1,"13":0,"14":1,"15":1,"16":1,"17":1,"18":1,"19":0,"20":0},"f":{"0":2,"1":2},"b":{"0":[1,1],"1":[2,1,1],"2":[1,1],"3":[1,0],"4":[1,0]},"_coverageSchema":"1a1c01bbd47fc00a2c39e90264f33305004495a9","hash":"70afbb733e33568946c95f4a05864d1077e9ca61"}
,"C:\\Users\\tijme\\Documents\\Semester 3\\fontys-2020-team-abra-cadabra\\Abracadabra\\abracadabra_web_app\\src\\unsecure-common-api.js": {"path":"C:\\Users\\tijme\\Documents\\Semester 3\\fontys-2020-team-abra-cadabra\\Abracadabra\\abracadabra_web_app\\src\\unsecure-common-api.js","statementMap":{"0":{"start":{"line":3,"column":12},"end":{"line":3,"column":70}},"1":{"start":{"line":5,"column":20},"end":{"line":13,"column":1}},"2":{"start":{"line":6,"column":16},"end":{"line":6,"column":32}},"3":{"start":{"line":7,"column":2},"end":{"line":12,"column":5}},"4":{"start":{"line":15,"column":18},"end":{"line":28,"column":1}},"5":{"start":{"line":16,"column":16},"end":{"line":16,"column":45}},"6":{"start":{"line":17,"column":16},"end":{"line":17,"column":32}},"7":{"start":{"line":18,"column":2},"end":{"line":27,"column":5}}},"fnMap":{"0":{"name":"(anonymous_0)","decl":{"start":{"line":5,"column":20},"end":{"line":5,"column":21}},"loc":{"start":{"line":5,"column":26},"end":{"line":13,"column":1}},"line":5},"1":{"name":"(anonymous_1)","decl":{"start":{"line":15,"column":18},"end":{"line":15,"column":19}},"loc":{"start":{"line":15,"column":24},"end":{"line":28,"column":1}},"line":15}},"branchMap":{"0":{"loc":{"start":{"line":3,"column":12},"end":{"line":3,"column":70}},"type":"binary-expr","locations":[{"start":{"line":3,"column":12},"end":{"line":3,"column":43}},{"start":{"line":3,"column":47},"end":{"line":3,"column":70}}],"line":3}},"s":{"0":6,"1":6,"2":24,"3":24,"4":6,"5":1,"6":1,"7":1},"f":{"0":24,"1":1},"b":{"0":[6,6]},"_coverageSchema":"1a1c01bbd47fc00a2c39e90264f33305004495a9","hash":"cf72191cfef7785e4bcfc006e5e2c54c4162c644"}
,"C:\\Users\\tijme\\Documents\\Semester 3\\fontys-2020-team-abra-cadabra\\Abracadabra\\abracadabra_web_app\\src\\components\\FilterButtons.js": {"path":"C:\\Users\\tijme\\Documents\\Semester 3\\fontys-2020-team-abra-cadabra\\Abracadabra\\abracadabra_web_app\\src\\components\\FilterButtons.js","statementMap":{"0":{"start":{"line":15,"column":17},"end":{"line":15,"column":28}},"1":{"start":{"line":16,"column":14},"end":{"line":16,"column":41}},"2":{"start":{"line":18,"column":2},"end":{"line":66,"column":4}}},"fnMap":{"0":{"name":"FilterButtons","decl":{"start":{"line":14,"column":9},"end":{"line":14,"column":22}},"loc":{"start":{"line":14,"column":41},"end":{"line":67,"column":1}},"line":14}},"branchMap":{"0":{"loc":{"start":{"line":24,"column":23},"end":{"line":24,"column":86}},"type":"cond-expr","locations":[{"start":{"line":24,"column":46},"end":{"line":24,"column":68}},{"start":{"line":24,"column":71},"end":{"line":24,"column":86}}],"line":24},"1":{"loc":{"start":{"line":32,"column":23},"end":{"line":32,"column":84}},"type":"cond-expr","locations":[{"start":{"line":32,"column":44},"end":{"line":32,"column":66}},{"start":{"line":32,"column":69},"end":{"line":32,"column":84}}],"line":32},"2":{"loc":{"start":{"line":42,"column":23},"end":{"line":42,"column":83}},"type":"cond-expr","locations":[{"start":{"line":42,"column":47},"end":{"line":42,"column":67}},{"start":{"line":42,"column":70},"end":{"line":42,"column":83}}],"line":42},"3":{"loc":{"start":{"line":50,"column":23},"end":{"line":50,"column":81}},"type":"cond-expr","locations":[{"start":{"line":50,"column":45},"end":{"line":50,"column":65}},{"start":{"line":50,"column":68},"end":{"line":50,"column":81}}],"line":50},"4":{"loc":{"start":{"line":58,"column":23},"end":{"line":58,"column":69}},"type":"cond-expr","locations":[{"start":{"line":58,"column":43},"end":{"line":58,"column":58}},{"start":{"line":58,"column":61},"end":{"line":58,"column":69}}],"line":58}},"s":{"0":6,"1":6,"2":6},"f":{"0":6},"b":{"0":[0,6],"1":[6,0],"2":[0,6],"3":[0,6],"4":[0,6]},"_coverageSchema":"1a1c01bbd47fc00a2c39e90264f33305004495a9","hash":"c91cbfd7effc6c7b64eefeaf6cfa657ba17b2ca8"}
,"C:\\Users\\tijme\\Documents\\Semester 3\\fontys-2020-team-abra-cadabra\\Abracadabra\\abracadabra_web_app\\src\\components\\Login.js": {"path":"C:\\Users\\tijme\\Documents\\Semester 3\\fontys-2020-team-abra-cadabra\\Abracadabra\\abracadabra_web_app\\src\\components\\Login.js","statementMap":{"0":{"start":{"line":10,"column":14},"end":{"line":101,"column":1}},"1":{"start":{"line":11,"column":28},"end":{"line":11,"column":65}},"2":{"start":{"line":12,"column":32},"end":{"line":12,"column":44}},"3":{"start":{"line":14,"column":23},"end":{"line":16,"column":3}},"4":{"start":{"line":15,"column":4},"end":{"line":15,"column":68}},"5":{"start":{"line":18,"column":23},"end":{"line":31,"column":3}},"6":{"start":{"line":19,"column":4},"end":{"line":19,"column":27}},"7":{"start":{"line":21,"column":4},"end":{"line":30,"column":9}},"8":{"start":{"line":23,"column":8},"end":{"line":23,"column":25}},"9":{"start":{"line":24,"column":8},"end":{"line":24,"column":54}},"10":{"start":{"line":25,"column":8},"end":{"line":25,"column":54}},"11":{"start":{"line":26,"column":8},"end":{"line":26,"column":39}},"12":{"start":{"line":29,"column":8},"end":{"line":29,"column":57}},"13":{"start":{"line":32,"column":2},"end":{"line":100,"column":4}}},"fnMap":{"0":{"name":"(anonymous_0)","decl":{"start":{"line":10,"column":14},"end":{"line":10,"column":15}},"loc":{"start":{"line":10,"column":20},"end":{"line":101,"column":1}},"line":10},"1":{"name":"(anonymous_1)","decl":{"start":{"line":14,"column":23},"end":{"line":14,"column":24}},"loc":{"start":{"line":14,"column":34},"end":{"line":16,"column":3}},"line":14},"2":{"name":"(anonymous_2)","decl":{"start":{"line":18,"column":23},"end":{"line":18,"column":24}},"loc":{"start":{"line":18,"column":34},"end":{"line":31,"column":3}},"line":18},"3":{"name":"(anonymous_3)","decl":{"start":{"line":22,"column":12},"end":{"line":22,"column":13}},"loc":{"start":{"line":22,"column":21},"end":{"line":27,"column":7}},"line":22},"4":{"name":"(anonymous_4)","decl":{"start":{"line":28,"column":13},"end":{"line":28,"column":14}},"loc":{"start":{"line":28,"column":24},"end":{"line":30,"column":7}},"line":28}},"branchMap":{},"s":{"0":3,"1":12,"2":12,"3":12,"4":6,"5":12,"6":3,"7":3,"8":2,"9":2,"10":2,"11":2,"12":1,"13":12},"f":{"0":12,"1":6,"2":3,"3":2,"4":1},"b":{},"_coverageSchema":"1a1c01bbd47fc00a2c39e90264f33305004495a9","hash":"1db854ec5c96ff5b6b841d8866edd5f0a65da9bc"}
,"C:\\Users\\tijme\\Documents\\Semester 3\\fontys-2020-team-abra-cadabra\\Abracadabra\\abracadabra_web_app\\src\\components\\Navbar.js": {"path":"C:\\Users\\tijme\\Documents\\Semester 3\\fontys-2020-team-abra-cadabra\\Abracadabra\\abracadabra_web_app\\src\\components\\Navbar.js","statementMap":{"0":{"start":{"line":33,"column":17},"end":{"line":33,"column":28}},"1":{"start":{"line":35,"column":26},"end":{"line":35,"column":41}},"2":{"start":{"line":36,"column":26},"end":{"line":36,"column":41}},"3":{"start":{"line":37,"column":42},"end":{"line":37,"column":72}},"4":{"start":{"line":40,"column":40},"end":{"line":40,"column":55}},"5":{"start":{"line":41,"column":40},"end":{"line":41,"column":52}},"6":{"start":{"line":43,"column":2},"end":{"line":54,"column":9}},"7":{"start":{"line":45,"column":18},"end":{"line":45,"column":47}},"8":{"start":{"line":46,"column":4},"end":{"line":46,"column":65}},"9":{"start":{"line":47,"column":4},"end":{"line":53,"column":5}},"10":{"start":{"line":48,"column":20},"end":{"line":48,"column":37}},"11":{"start":{"line":50,"column":6},"end":{"line":50,"column":42}},"12":{"start":{"line":52,"column":6},"end":{"line":52,"column":25}},"13":{"start":{"line":56,"column":23},"end":{"line":60,"column":3}},"14":{"start":{"line":57,"column":4},"end":{"line":57,"column":37}},"15":{"start":{"line":58,"column":4},"end":{"line":58,"column":26}},"16":{"start":{"line":59,"column":4},"end":{"line":59,"column":23}},"17":{"start":{"line":63,"column":21},"end":{"line":63,"column":41}},"18":{"start":{"line":63,"column":27},"end":{"line":63,"column":41}},"19":{"start":{"line":64,"column":22},"end":{"line":64,"column":42}},"20":{"start":{"line":64,"column":28},"end":{"line":64,"column":42}},"21":{"start":{"line":65,"column":21},"end":{"line":65,"column":41}},"22":{"start":{"line":65,"column":27},"end":{"line":65,"column":41}},"23":{"start":{"line":68,"column":4},"end":{"line":72,"column":5}},"24":{"start":{"line":69,"column":6},"end":{"line":69,"column":19}},"25":{"start":{"line":70,"column":11},"end":{"line":72,"column":5}},"26":{"start":{"line":71,"column":6},"end":{"line":71,"column":19}},"27":{"start":{"line":74,"column":23},"end":{"line":79,"column":3}},"28":{"start":{"line":75,"column":4},"end":{"line":78,"column":7}},"29":{"start":{"line":81,"column":2},"end":{"line":158,"column":4}}},"fnMap":{"0":{"name":"NavBar","decl":{"start":{"line":32,"column":24},"end":{"line":32,"column":30}},"loc":{"start":{"line":32,"column":49},"end":{"line":159,"column":1}},"line":32},"1":{"name":"(anonymous_1)","decl":{"start":{"line":43,"column":12},"end":{"line":43,"column":13}},"loc":{"start":{"line":43,"column":18},"end":{"line":54,"column":3}},"line":43},"2":{"name":"(anonymous_2)","decl":{"start":{"line":56,"column":23},"end":{"line":56,"column":24}},"loc":{"start":{"line":56,"column":29},"end":{"line":60,"column":3}},"line":56},"3":{"name":"(anonymous_3)","decl":{"start":{"line":63,"column":21},"end":{"line":63,"column":22}},"loc":{"start":{"line":63,"column":27},"end":{"line":63,"column":41}},"line":63},"4":{"name":"(anonymous_4)","decl":{"start":{"line":64,"column":22},"end":{"line":64,"column":23}},"loc":{"start":{"line":64,"column":28},"end":{"line":64,"column":42}},"line":64},"5":{"name":"(anonymous_5)","decl":{"start":{"line":65,"column":21},"end":{"line":65,"column":22}},"loc":{"start":{"line":65,"column":27},"end":{"line":65,"column":41}},"line":65},"6":{"name":"handleClick","decl":{"start":{"line":67,"column":11},"end":{"line":67,"column":22}},"loc":{"start":{"line":67,"column":26},"end":{"line":73,"column":3}},"line":67},"7":{"name":"(anonymous_7)","decl":{"start":{"line":74,"column":23},"end":{"line":74,"column":24}},"loc":{"start":{"line":74,"column":34},"end":{"line":79,"column":3}},"line":74}},"branchMap":{"0":{"loc":{"start":{"line":46,"column":4},"end":{"line":46,"column":64}},"type":"cond-expr","locations":[{"start":{"line":46,"column":20},"end":{"line":46,"column":40}},{"start":{"line":46,"column":43},"end":{"line":46,"column":64}}],"line":46},"1":{"loc":{"start":{"line":47,"column":4},"end":{"line":53,"column":5}},"type":"if","locations":[{"start":{"line":47,"column":4},"end":{"line":53,"column":5}},{"start":{"line":47,"column":4},"end":{"line":53,"column":5}}],"line":47},"2":{"loc":{"start":{"line":68,"column":4},"end":{"line":72,"column":5}},"type":"if","locations":[{"start":{"line":68,"column":4},"end":{"line":72,"column":5}},{"start":{"line":68,"column":4},"end":{"line":72,"column":5}}],"line":68},"3":{"loc":{"start":{"line":68,"column":8},"end":{"line":68,"column":46}},"type":"binary-expr","locations":[{"start":{"line":68,"column":8},"end":{"line":68,"column":38}},{"start":{"line":68,"column":42},"end":{"line":68,"column":46}}],"line":68},"4":{"loc":{"start":{"line":70,"column":11},"end":{"line":72,"column":5}},"type":"if","locations":[{"start":{"line":70,"column":11},"end":{"line":72,"column":5}},{"start":{"line":70,"column":11},"end":{"line":72,"column":5}}],"line":70},"5":{"loc":{"start":{"line":70,"column":15},"end":{"line":70,"column":58}},"type":"binary-expr","locations":[{"start":{"line":70,"column":15},"end":{"line":70,"column":50}},{"start":{"line":70,"column":54},"end":{"line":70,"column":58}}],"line":70},"6":{"loc":{"start":{"line":134,"column":13},"end":{"line":153,"column":13}},"type":"cond-expr","locations":[{"start":{"line":135,"column":14},"end":{"line":137,"column":25}},{"start":{"line":139,"column":14},"end":{"line":152,"column":17}}],"line":134}},"s":{"0":13,"1":13,"2":13,"3":13,"4":13,"5":13,"6":13,"7":7,"8":7,"9":7,"10":1,"11":1,"12":6,"13":13,"14":0,"15":0,"16":0,"17":13,"18":0,"19":13,"20":0,"21":13,"22":0,"23":0,"24":0,"25":0,"26":0,"27":13,"28":0,"29":13},"f":{"0":13,"1":7,"2":0,"3":0,"4":0,"5":0,"6":0,"7":0},"b":{"0":[1,6],"1":[1,6],"2":[0,0],"3":[0,0],"4":[0,0],"5":[0,0],"6":[7,6]},"_coverageSchema":"1a1c01bbd47fc00a2c39e90264f33305004495a9","hash":"51df71c0a139f2eef5982458ef21f1c981f36487"}
,"C:\\Users\\tijme\\Documents\\Semester 3\\fontys-2020-team-abra-cadabra\\Abracadabra\\abracadabra_web_app\\src\\components\\QuestionBody.js": {"path":"C:\\Users\\tijme\\Documents\\Semester 3\\fontys-2020-team-abra-cadabra\\Abracadabra\\abracadabra_web_app\\src\\components\\QuestionBody.js","statementMap":{"0":{"start":{"line":7,"column":32},"end":{"line":7,"column":44}},"1":{"start":{"line":8,"column":36},"end":{"line":8,"column":48}},"2":{"start":{"line":10,"column":2},"end":{"line":15,"column":9}},"3":{"start":{"line":11,"column":4},"end":{"line":11,"column":27}},"4":{"start":{"line":12,"column":4},"end":{"line":14,"column":5}},"5":{"start":{"line":13,"column":6},"end":{"line":13,"column":43}},"6":{"start":{"line":20,"column":15},"end":{"line":20,"column":36}},"7":{"start":{"line":21,"column":4},"end":{"line":21,"column":42}},"8":{"start":{"line":22,"column":4},"end":{"line":22,"column":33}},"9":{"start":{"line":23,"column":4},"end":{"line":23,"column":16}},"10":{"start":{"line":27,"column":4},"end":{"line":31,"column":5}},"11":{"start":{"line":28,"column":6},"end":{"line":28,"column":51}},"12":{"start":{"line":30,"column":6},"end":{"line":30,"column":51}},"13":{"start":{"line":34,"column":4},"end":{"line":38,"column":7}},"14":{"start":{"line":35,"column":6},"end":{"line":37,"column":8}},"15":{"start":{"line":36,"column":8},"end":{"line":36,"column":70}},"16":{"start":{"line":44,"column":2},"end":{"line":94,"column":3}},"17":{"start":{"line":45,"column":4},"end":{"line":81,"column":6}},"18":{"start":{"line":49,"column":10},"end":{"line":78,"column":16}},"19":{"start":{"line":82,"column":9},"end":{"line":94,"column":3}},"20":{"start":{"line":83,"column":4},"end":{"line":87,"column":6}},"21":{"start":{"line":89,"column":4},"end":{"line":93,"column":6}}},"fnMap":{"0":{"name":"Title","decl":{"start":{"line":6,"column":9},"end":{"line":6,"column":14}},"loc":{"start":{"line":6,"column":60},"end":{"line":95,"column":1}},"line":6},"1":{"name":"(anonymous_1)","decl":{"start":{"line":10,"column":12},"end":{"line":10,"column":13}},"loc":{"start":{"line":10,"column":18},"end":{"line":15,"column":3}},"line":10},"2":{"name":"HumanDateTime","decl":{"start":{"line":19,"column":11},"end":{"line":19,"column":24}},"loc":{"start":{"line":19,"column":38},"end":{"line":24,"column":3}},"line":19},"3":{"name":"NrOfAnswers","decl":{"start":{"line":26,"column":11},"end":{"line":26,"column":22}},"loc":{"start":{"line":26,"column":40},"end":{"line":32,"column":3}},"line":26},"4":{"name":"IsTagsNull","decl":{"start":{"line":33,"column":11},"end":{"line":33,"column":21}},"loc":{"start":{"line":33,"column":32},"end":{"line":39,"column":3}},"line":33},"5":{"name":"(anonymous_5)","decl":{"start":{"line":35,"column":32},"end":{"line":35,"column":33}},"loc":{"start":{"line":36,"column":8},"end":{"line":36,"column":70}},"line":36},"6":{"name":"(anonymous_6)","decl":{"start":{"line":48,"column":23},"end":{"line":48,"column":24}},"loc":{"start":{"line":49,"column":10},"end":{"line":78,"column":16}},"line":49}},"branchMap":{"0":{"loc":{"start":{"line":12,"column":4},"end":{"line":14,"column":5}},"type":"if","locations":[{"start":{"line":12,"column":4},"end":{"line":14,"column":5}},{"start":{"line":12,"column":4},"end":{"line":14,"column":5}}],"line":12},"1":{"loc":{"start":{"line":27,"column":4},"end":{"line":31,"column":5}},"type":"if","locations":[{"start":{"line":27,"column":4},"end":{"line":31,"column":5}},{"start":{"line":27,"column":4},"end":{"line":31,"column":5}}],"line":27},"2":{"loc":{"start":{"line":34,"column":4},"end":{"line":38,"column":7}},"type":"if","locations":[{"start":{"line":34,"column":4},"end":{"line":38,"column":7}},{"start":{"line":34,"column":4},"end":{"line":38,"column":7}}],"line":34},"3":{"loc":{"start":{"line":44,"column":2},"end":{"line":94,"column":3}},"type":"if","locations":[{"start":{"line":44,"column":2},"end":{"line":94,"column":3}},{"start":{"line":44,"column":2},"end":{"line":94,"column":3}}],"line":44},"4":{"loc":{"start":{"line":82,"column":9},"end":{"line":94,"column":3}},"type":"if","locations":[{"start":{"line":82,"column":9},"end":{"line":94,"column":3}},{"start":{"line":82,"column":9},"end":{"line":94,"column":3}}],"line":82}},"s":{"0":12,"1":12,"2":12,"3":6,"4":6,"5":0,"6":21,"7":21,"8":21,"9":21,"10":21,"11":0,"12":21,"13":21,"14":0,"15":0,"16":12,"17":6,"18":21,"19":6,"20":0,"21":6},"f":{"0":12,"1":6,"2":21,"3":21,"4":21,"5":0,"6":21},"b":{"0":[0,6],"1":[0,21],"2":[0,21],"3":[6,6],"4":[0,6]},"_coverageSchema":"1a1c01bbd47fc00a2c39e90264f33305004495a9","hash":"9219b613bad708ba446af7c9e5121c7e4652146d"}
,"C:\\Users\\tijme\\Documents\\Semester 3\\fontys-2020-team-abra-cadabra\\Abracadabra\\abracadabra_web_app\\src\\components\\Register.js": {"path":"C:\\Users\\tijme\\Documents\\Semester 3\\fontys-2020-team-abra-cadabra\\Abracadabra\\abracadabra_web_app\\src\\components\\Register.js","statementMap":{"0":{"start":{"line":10,"column":17},"end":{"line":240,"column":1}},"1":{"start":{"line":11,"column":34},"end":{"line":15,"column":4}},"2":{"start":{"line":16,"column":32},"end":{"line":16,"column":44}},"3":{"start":{"line":17,"column":48},"end":{"line":17,"column":60}},"4":{"start":{"line":18,"column":48},"end":{"line":18,"column":60}},"5":{"start":{"line":19,"column":42},"end":{"line":19,"column":54}},"6":{"start":{"line":20,"column":48},"end":{"line":20,"column":60}},"7":{"start":{"line":22,"column":23},"end":{"line":24,"column":3}},"8":{"start":{"line":23,"column":4},"end":{"line":23,"column":74}},"9":{"start":{"line":26,"column":38},"end":{"line":28,"column":3}},"10":{"start":{"line":27,"column":4},"end":{"line":27,"column":43}},"11":{"start":{"line":30,"column":23},"end":{"line":114,"column":3}},"12":{"start":{"line":31,"column":18},"end":{"line":31,"column":22}},"13":{"start":{"line":32,"column":28},"end":{"line":32,"column":30}},"14":{"start":{"line":33,"column":28},"end":{"line":33,"column":30}},"15":{"start":{"line":34,"column":25},"end":{"line":34,"column":27}},"16":{"start":{"line":36,"column":4},"end":{"line":36,"column":27}},"17":{"start":{"line":37,"column":4},"end":{"line":37,"column":27}},"18":{"start":{"line":38,"column":4},"end":{"line":38,"column":27}},"19":{"start":{"line":39,"column":4},"end":{"line":39,"column":24}},"20":{"start":{"line":40,"column":4},"end":{"line":40,"column":19}},"21":{"start":{"line":43,"column":4},"end":{"line":46,"column":5}},"22":{"start":{"line":44,"column":6},"end":{"line":44,"column":47}},"23":{"start":{"line":45,"column":6},"end":{"line":45,"column":22}},"24":{"start":{"line":49,"column":4},"end":{"line":52,"column":5}},"25":{"start":{"line":50,"column":6},"end":{"line":50,"column":58}},"26":{"start":{"line":51,"column":6},"end":{"line":51,"column":22}},"27":{"start":{"line":55,"column":4},"end":{"line":58,"column":5}},"28":{"start":{"line":56,"column":6},"end":{"line":56,"column":44}},"29":{"start":{"line":57,"column":6},"end":{"line":57,"column":22}},"30":{"start":{"line":61,"column":4},"end":{"line":68,"column":5}},"31":{"start":{"line":66,"column":6},"end":{"line":66,"column":56}},"32":{"start":{"line":67,"column":6},"end":{"line":67,"column":22}},"33":{"start":{"line":71,"column":4},"end":{"line":74,"column":5}},"34":{"start":{"line":72,"column":6},"end":{"line":72,"column":54}},"35":{"start":{"line":73,"column":6},"end":{"line":73,"column":22}},"36":{"start":{"line":76,"column":4},"end":{"line":83,"column":5}},"37":{"start":{"line":81,"column":6},"end":{"line":81,"column":62}},"38":{"start":{"line":82,"column":6},"end":{"line":82,"column":22}},"39":{"start":{"line":85,"column":4},"end":{"line":88,"column":5}},"40":{"start":{"line":86,"column":6},"end":{"line":86,"column":62}},"41":{"start":{"line":87,"column":6},"end":{"line":87,"column":22}},"42":{"start":{"line":90,"column":4},"end":{"line":93,"column":5}},"43":{"start":{"line":91,"column":6},"end":{"line":91,"column":60}},"44":{"start":{"line":92,"column":6},"end":{"line":92,"column":22}},"45":{"start":{"line":95,"column":4},"end":{"line":98,"column":5}},"46":{"start":{"line":96,"column":6},"end":{"line":96,"column":54}},"47":{"start":{"line":97,"column":6},"end":{"line":97,"column":22}},"48":{"start":{"line":99,"column":4},"end":{"line":104,"column":5}},"49":{"start":{"line":100,"column":6},"end":{"line":100,"column":44}},"50":{"start":{"line":101,"column":6},"end":{"line":101,"column":44}},"51":{"start":{"line":102,"column":6},"end":{"line":102,"column":38}},"52":{"start":{"line":103,"column":6},"end":{"line":103,"column":13}},"53":{"start":{"line":106,"column":4},"end":{"line":113,"column":9}},"54":{"start":{"line":108,"column":8},"end":{"line":108,"column":38}},"55":{"start":{"line":109,"column":8},"end":{"line":109,"column":34}},"56":{"start":{"line":112,"column":8},"end":{"line":112,"column":75}},"57":{"start":{"line":115,"column":2},"end":{"line":239,"column":4}},"58":{"start":{"line":148,"column":22},"end":{"line":153,"column":28}},"59":{"start":{"line":169,"column":22},"end":{"line":174,"column":28}},"60":{"start":{"line":192,"column":22},"end":{"line":197,"column":28}}},"fnMap":{"0":{"name":"(anonymous_0)","decl":{"start":{"line":10,"column":17},"end":{"line":10,"column":18}},"loc":{"start":{"line":10,"column":23},"end":{"line":240,"column":1}},"line":10},"1":{"name":"(anonymous_1)","decl":{"start":{"line":22,"column":23},"end":{"line":22,"column":24}},"loc":{"start":{"line":22,"column":34},"end":{"line":24,"column":3}},"line":22},"2":{"name":"(anonymous_2)","decl":{"start":{"line":26,"column":38},"end":{"line":26,"column":39}},"loc":{"start":{"line":26,"column":49},"end":{"line":28,"column":3}},"line":26},"3":{"name":"(anonymous_3)","decl":{"start":{"line":30,"column":23},"end":{"line":30,"column":24}},"loc":{"start":{"line":30,"column":34},"end":{"line":114,"column":3}},"line":30},"4":{"name":"(anonymous_4)","decl":{"start":{"line":107,"column":12},"end":{"line":107,"column":13}},"loc":{"start":{"line":107,"column":21},"end":{"line":110,"column":7}},"line":107},"5":{"name":"(anonymous_5)","decl":{"start":{"line":111,"column":13},"end":{"line":111,"column":14}},"loc":{"start":{"line":111,"column":24},"end":{"line":113,"column":7}},"line":111},"6":{"name":"(anonymous_6)","decl":{"start":{"line":147,"column":41},"end":{"line":147,"column":42}},"loc":{"start":{"line":148,"column":22},"end":{"line":153,"column":28}},"line":148},"7":{"name":"(anonymous_7)","decl":{"start":{"line":168,"column":38},"end":{"line":168,"column":39}},"loc":{"start":{"line":169,"column":22},"end":{"line":174,"column":28}},"line":169},"8":{"name":"(anonymous_8)","decl":{"start":{"line":191,"column":41},"end":{"line":191,"column":42}},"loc":{"start":{"line":192,"column":22},"end":{"line":197,"column":28}},"line":192}},"branchMap":{"0":{"loc":{"start":{"line":43,"column":4},"end":{"line":46,"column":5}},"type":"if","locations":[{"start":{"line":43,"column":4},"end":{"line":46,"column":5}},{"start":{"line":43,"column":4},"end":{"line":46,"column":5}}],"line":43},"1":{"loc":{"start":{"line":49,"column":4},"end":{"line":52,"column":5}},"type":"if","locations":[{"start":{"line":49,"column":4},"end":{"line":52,"column":5}},{"start":{"line":49,"column":4},"end":{"line":52,"column":5}}],"line":49},"2":{"loc":{"start":{"line":55,"column":4},"end":{"line":58,"column":5}},"type":"if","locations":[{"start":{"line":55,"column":4},"end":{"line":58,"column":5}},{"start":{"line":55,"column":4},"end":{"line":58,"column":5}}],"line":55},"3":{"loc":{"start":{"line":61,"column":4},"end":{"line":68,"column":5}},"type":"if","locations":[{"start":{"line":61,"column":4},"end":{"line":68,"column":5}},{"start":{"line":61,"column":4},"end":{"line":68,"column":5}}],"line":61},"4":{"loc":{"start":{"line":71,"column":4},"end":{"line":74,"column":5}},"type":"if","locations":[{"start":{"line":71,"column":4},"end":{"line":74,"column":5}},{"start":{"line":71,"column":4},"end":{"line":74,"column":5}}],"line":71},"5":{"loc":{"start":{"line":76,"column":4},"end":{"line":83,"column":5}},"type":"if","locations":[{"start":{"line":76,"column":4},"end":{"line":83,"column":5}},{"start":{"line":76,"column":4},"end":{"line":83,"column":5}}],"line":76},"6":{"loc":{"start":{"line":77,"column":6},"end":{"line":79,"column":36}},"type":"binary-expr","locations":[{"start":{"line":77,"column":6},"end":{"line":77,"column":34}},{"start":{"line":78,"column":6},"end":{"line":78,"column":36}},{"start":{"line":79,"column":6},"end":{"line":79,"column":36}}],"line":77},"7":{"loc":{"start":{"line":85,"column":4},"end":{"line":88,"column":5}},"type":"if","locations":[{"start":{"line":85,"column":4},"end":{"line":88,"column":5}},{"start":{"line":85,"column":4},"end":{"line":88,"column":5}}],"line":85},"8":{"loc":{"start":{"line":90,"column":4},"end":{"line":93,"column":5}},"type":"if","locations":[{"start":{"line":90,"column":4},"end":{"line":93,"column":5}},{"start":{"line":90,"column":4},"end":{"line":93,"column":5}}],"line":90},"9":{"loc":{"start":{"line":95,"column":4},"end":{"line":98,"column":5}},"type":"if","locations":[{"start":{"line":95,"column":4},"end":{"line":98,"column":5}},{"start":{"line":95,"column":4},"end":{"line":98,"column":5}}],"line":95},"10":{"loc":{"start":{"line":99,"column":4},"end":{"line":104,"column":5}},"type":"if","locations":[{"start":{"line":99,"column":4},"end":{"line":104,"column":5}},{"start":{"line":99,"column":4},"end":{"line":104,"column":5}}],"line":99}},"s":{"0":1,"1":32,"2":32,"3":32,"4":32,"5":32,"6":32,"7":32,"8":15,"9":32,"10":5,"11":32,"12":5,"13":5,"14":5,"15":5,"16":5,"17":5,"18":5,"19":5,"20":5,"21":5,"22":0,"23":0,"24":5,"25":0,"26":0,"27":5,"28":0,"29":0,"30":5,"31":1,"32":1,"33":5,"34":1,"35":1,"36":5,"37":0,"38":0,"39":5,"40":2,"41":2,"42":5,"43":0,"44":0,"45":5,"46":2,"47":2,"48":5,"49":3,"50":3,"51":3,"52":3,"53":2,"54":1,"55":1,"56":1,"57":32,"58":0,"59":1,"60":5},"f":{"0":32,"1":15,"2":5,"3":5,"4":1,"5":1,"6":0,"7":1,"8":5},"b":{"0":[0,5],"1":[0,5],"2":[0,5],"3":[1,4],"4":[1,4],"5":[0,5],"6":[5,5,5],"7":[2,3],"8":[0,5],"9":[2,3],"10":[3,2]},"_coverageSchema":"1a1c01bbd47fc00a2c39e90264f33305004495a9","hash":"71aae76da7e4f7a8db2e7e86075ed9a0ba351937"}
,"C:\\Users\\tijme\\Documents\\Semester 3\\fontys-2020-team-abra-cadabra\\Abracadabra\\abracadabra_web_app\\src\\components\\SubjectList.js": {"path":"C:\\Users\\tijme\\Documents\\Semester 3\\fontys-2020-team-abra-cadabra\\Abracadabra\\abracadabra_web_app\\src\\components\\SubjectList.js","statementMap":{"0":{"start":{"line":13,"column":20},"end":{"line":452,"column":1}},"1":{"start":{"line":14,"column":34},"end":{"line":14,"column":46}},"2":{"start":{"line":16,"column":2},"end":{"line":24,"column":17}},"3":{"start":{"line":18,"column":4},"end":{"line":23,"column":9}},"4":{"start":{"line":20,"column":8},"end":{"line":20,"column":30}},"5":{"start":{"line":27,"column":18},"end":{"line":27,"column":20}},"6":{"start":{"line":28,"column":16},"end":{"line":28,"column":31}},"7":{"start":{"line":29,"column":4},"end":{"line":34,"column":5}},"8":{"start":{"line":29,"column":17},"end":{"line":29,"column":18}},"9":{"start":{"line":30,"column":6},"end":{"line":33,"column":34}},"10":{"start":{"line":33,"column":8},"end":{"line":33,"column":34}},"11":{"start":{"line":35,"column":4},"end":{"line":35,"column":19}},"12":{"start":{"line":39,"column":19},"end":{"line":39,"column":33}},"13":{"start":{"line":40,"column":4},"end":{"line":44,"column":7}},"14":{"start":{"line":41,"column":6},"end":{"line":43,"column":8}},"15":{"start":{"line":47,"column":2},"end":{"line":451,"column":4}}},"fnMap":{"0":{"name":"(anonymous_0)","decl":{"start":{"line":13,"column":20},"end":{"line":13,"column":21}},"loc":{"start":{"line":13,"column":26},"end":{"line":452,"column":1}},"line":13},"1":{"name":"(anonymous_1)","decl":{"start":{"line":16,"column":12},"end":{"line":16,"column":13}},"loc":{"start":{"line":16,"column":18},"end":{"line":24,"column":3}},"line":16},"2":{"name":"(anonymous_2)","decl":{"start":{"line":19,"column":12},"end":{"line":19,"column":13}},"loc":{"start":{"line":19,"column":21},"end":{"line":21,"column":7}},"line":19},"3":{"name":"(anonymous_3)","decl":{"start":{"line":22,"column":13},"end":{"line":22,"column":14}},"loc":{"start":{"line":22,"column":24},"end":{"line":23,"column":7}},"line":22},"4":{"name":"filter","decl":{"start":{"line":26,"column":11},"end":{"line":26,"column":17}},"loc":{"start":{"line":26,"column":26},"end":{"line":36,"column":3}},"line":26},"5":{"name":"printSubjects","decl":{"start":{"line":38,"column":11},"end":{"line":38,"column":24}},"loc":{"start":{"line":38,"column":33},"end":{"line":45,"column":3}},"line":38},"6":{"name":"(anonymous_6)","decl":{"start":{"line":40,"column":23},"end":{"line":40,"column":24}},"loc":{"start":{"line":40,"column":30},"end":{"line":44,"column":5}},"line":40}},"branchMap":{"0":{"loc":{"start":{"line":30,"column":6},"end":{"line":33,"column":34}},"type":"if","locations":[{"start":{"line":30,"column":6},"end":{"line":33,"column":34}},{"start":{"line":30,"column":6},"end":{"line":33,"column":34}}],"line":30}},"s":{"0":1,"1":2,"2":2,"3":2,"4":1,"5":52,"6":52,"7":52,"8":52,"9":182,"10":7,"11":52,"12":52,"13":52,"14":7,"15":2},"f":{"0":2,"1":2,"2":1,"3":0,"4":52,"5":52,"6":7},"b":{"0":[7,175]},"_coverageSchema":"1a1c01bbd47fc00a2c39e90264f33305004495a9","hash":"042578a8d4303475231c72b6392216479d6e1950"}
,"C:\\Users\\tijme\\Documents\\Semester 3\\fontys-2020-team-abra-cadabra\\Abracadabra\\abracadabra_web_app\\src\\components\\SubjectListItem.js": {"path":"C:\\Users\\tijme\\Documents\\Semester 3\\fontys-2020-team-abra-cadabra\\Abracadabra\\abracadabra_web_app\\src\\components\\SubjectListItem.js","statementMap":{"0":{"start":{"line":5,"column":2},"end":{"line":16,"column":4}}},"fnMap":{"0":{"name":"SubjectListItem","decl":{"start":{"line":4,"column":24},"end":{"line":4,"column":39}},"loc":{"start":{"line":4,"column":48},"end":{"line":17,"column":1}},"line":4}},"branchMap":{},"s":{"0":7},"f":{"0":7},"b":{},"_coverageSchema":"1a1c01bbd47fc00a2c39e90264f33305004495a9","hash":"df51e291f87394d9e95ccd2d3487007706d68d93"}
,"C:\\Users\\tijme\\Documents\\Semester 3\\fontys-2020-team-abra-cadabra\\Abracadabra\\abracadabra_web_app\\src\\services\\AccountService.js": {"path":"C:\\Users\\tijme\\Documents\\Semester 3\\fontys-2020-team-abra-cadabra\\Abracadabra\\abracadabra_web_app\\src\\services\\AccountService.js","statementMap":{"0":{"start":{"line":3,"column":14},"end":{"line":5,"column":1}},"1":{"start":{"line":4,"column":2},"end":{"line":4,"column":62}},"2":{"start":{"line":7,"column":17},"end":{"line":9,"column":1}},"3":{"start":{"line":8,"column":2},"end":{"line":8,"column":65}},"4":{"start":{"line":11,"column":16},"end":{"line":13,"column":1}},"5":{"start":{"line":12,"column":2},"end":{"line":12,"column":48}},"6":{"start":{"line":15,"column":17},"end":{"line":17,"column":1}},"7":{"start":{"line":16,"column":2},"end":{"line":16,"column":62}},"8":{"start":{"line":19,"column":21},"end":{"line":21,"column":1}},"9":{"start":{"line":20,"column":2},"end":{"line":20,"column":71}},"10":{"start":{"line":23,"column":19},"end":{"line":25,"column":1}},"11":{"start":{"line":24,"column":2},"end":{"line":24,"column":56}}},"fnMap":{"0":{"name":"(anonymous_0)","decl":{"start":{"line":3,"column":14},"end":{"line":3,"column":15}},"loc":{"start":{"line":3,"column":24},"end":{"line":5,"column":1}},"line":3},"1":{"name":"(anonymous_1)","decl":{"start":{"line":7,"column":17},"end":{"line":7,"column":18}},"loc":{"start":{"line":7,"column":27},"end":{"line":9,"column":1}},"line":7},"2":{"name":"(anonymous_2)","decl":{"start":{"line":11,"column":16},"end":{"line":11,"column":17}},"loc":{"start":{"line":11,"column":26},"end":{"line":13,"column":1}},"line":11},"3":{"name":"(anonymous_3)","decl":{"start":{"line":15,"column":17},"end":{"line":15,"column":18}},"loc":{"start":{"line":15,"column":27},"end":{"line":17,"column":1}},"line":15},"4":{"name":"(anonymous_4)","decl":{"start":{"line":19,"column":21},"end":{"line":19,"column":22}},"loc":{"start":{"line":19,"column":31},"end":{"line":21,"column":1}},"line":19},"5":{"name":"(anonymous_5)","decl":{"start":{"line":23,"column":19},"end":{"line":23,"column":20}},"loc":{"start":{"line":23,"column":29},"end":{"line":25,"column":1}},"line":23}},"branchMap":{},"s":{"0":3,"1":3,"2":3,"3":2,"4":3,"5":0,"6":3,"7":0,"8":3,"9":0,"10":3,"11":0},"f":{"0":3,"1":2,"2":0,"3":0,"4":0,"5":0},"b":{},"_coverageSchema":"1a1c01bbd47fc00a2c39e90264f33305004495a9","hash":"f0ff9dd18d1277ec6464107aa2bcea3cb0c260eb"}
,"C:\\Users\\tijme\\Documents\\Semester 3\\fontys-2020-team-abra-cadabra\\Abracadabra\\abracadabra_web_app\\src\\services\\QuestionService.js": {"path":"C:\\Users\\tijme\\Documents\\Semester 3\\fontys-2020-team-abra-cadabra\\Abracadabra\\abracadabra_web_app\\src\\services\\QuestionService.js","statementMap":{"0":{"start":{"line":3,"column":23},"end":{"line":5,"column":1}},"1":{"start":{"line":4,"column":2},"end":{"line":4,"column":49}},"2":{"start":{"line":7,"column":17},"end":{"line":9,"column":1}},"3":{"start":{"line":8,"column":2},"end":{"line":8,"column":51}},"4":{"start":{"line":11,"column":20},"end":{"line":13,"column":1}},"5":{"start":{"line":12,"column":2},"end":{"line":12,"column":73}},"6":{"start":{"line":15,"column":29},"end":{"line":19,"column":1}},"7":{"start":{"line":16,"column":2},"end":{"line":18,"column":68}}},"fnMap":{"0":{"name":"(anonymous_0)","decl":{"start":{"line":3,"column":23},"end":{"line":3,"column":24}},"loc":{"start":{"line":3,"column":33},"end":{"line":5,"column":1}},"line":3},"1":{"name":"(anonymous_1)","decl":{"start":{"line":7,"column":17},"end":{"line":7,"column":18}},"loc":{"start":{"line":7,"column":27},"end":{"line":9,"column":1}},"line":7},"2":{"name":"(anonymous_2)","decl":{"start":{"line":11,"column":20},"end":{"line":11,"column":21}},"loc":{"start":{"line":11,"column":30},"end":{"line":13,"column":1}},"line":11},"3":{"name":"(anonymous_3)","decl":{"start":{"line":15,"column":29},"end":{"line":15,"column":30}},"loc":{"start":{"line":15,"column":50},"end":{"line":19,"column":1}},"line":15}},"branchMap":{},"s":{"0":3,"1":0,"2":3,"3":1,"4":3,"5":0,"6":3,"7":6},"f":{"0":0,"1":1,"2":0,"3":6},"b":{},"_coverageSchema":"1a1c01bbd47fc00a2c39e90264f33305004495a9","hash":"dedc0dd24264290a39ab6936a7f1eee195c37d70"}
,"C:\\Users\\tijme\\Documents\\Semester 3\\fontys-2020-team-abra-cadabra\\Abracadabra\\abracadabra_web_app\\src\\services\\SubjectService.js": {"path":"C:\\Users\\tijme\\Documents\\Semester 3\\fontys-2020-team-abra-cadabra\\Abracadabra\\abracadabra_web_app\\src\\services\\SubjectService.js","statementMap":{"0":{"start":{"line":3,"column":23},"end":{"line":5,"column":1}},"1":{"start":{"line":4,"column":2},"end":{"line":4,"column":45}},"2":{"start":{"line":7,"column":31},"end":{"line":9,"column":1}},"3":{"start":{"line":8,"column":2},"end":{"line":8,"column":60}},"4":{"start":{"line":11,"column":25},"end":{"line":13,"column":1}},"5":{"start":{"line":12,"column":2},"end":{"line":12,"column":72}},"6":{"start":{"line":15,"column":28},"end":{"line":22,"column":1}},"7":{"start":{"line":16,"column":2},"end":{"line":21,"column":5}}},"fnMap":{"0":{"name":"(anonymous_0)","decl":{"start":{"line":3,"column":23},"end":{"line":3,"column":24}},"loc":{"start":{"line":3,"column":29},"end":{"line":5,"column":1}},"line":3},"1":{"name":"(anonymous_1)","decl":{"start":{"line":7,"column":31},"end":{"line":7,"column":32}},"loc":{"start":{"line":7,"column":37},"end":{"line":9,"column":1}},"line":7},"2":{"name":"(anonymous_2)","decl":{"start":{"line":11,"column":25},"end":{"line":11,"column":26}},"loc":{"start":{"line":11,"column":35},"end":{"line":13,"column":1}},"line":11},"3":{"name":"(anonymous_3)","decl":{"start":{"line":15,"column":28},"end":{"line":15,"column":29}},"loc":{"start":{"line":15,"column":38},"end":{"line":22,"column":1}},"line":15}},"branchMap":{},"s":{"0":3,"1":2,"2":3,"3":0,"4":3,"5":11,"6":3,"7":0},"f":{"0":2,"1":0,"2":11,"3":0},"b":{},"_coverageSchema":"1a1c01bbd47fc00a2c39e90264f33305004495a9","hash":"2af201d2d2371df4cc9e44648f88df2f5aad8a96"}
}
