TN:
SF:pages/subject/[subject]/index.js
FN:7,Subject
FN:37,getServerSideProps
FNF:2
FNH:1
FNDA:0,Subject
FNDA:2,getServerSideProps
DA:9,0
DA:17,0
DA:19,0
DA:21,0
DA:26,0
DA:39,2
DA:40,2
DA:41,2
DA:44,1
DA:47,2
DA:49,2
DA:51,1
DA:53,1
DA:60,1
DA:62,1
DA:64,1
DA:73,0
DA:75,0
LF:18
LH:11
BRDA:19,0,0,0
BRDA:19,0,1,0
BRDA:19,1,0,0
BRDA:19,1,1,0
BRDA:19,1,2,0
BRDA:49,2,0,1
BRDA:49,2,1,1
BRDA:60,3,0,1
BRDA:60,3,1,0
BRDA:60,4,0,1
BRDA:60,4,1,0
BRF:11
BRH:4
end_of_record
TN:
SF:src/common-api.js
FN:3,(anonymous_0)
FN:11,(anonymous_1)
FNF:2
FNH:0
FNDA:0,(anonymous_0)
FNDA:0,(anonymous_1)
DA:3,1
DA:4,0
DA:11,1
DA:12,0
DA:13,0
LF:5
LH:2
BRF:0
BRH:0
end_of_record
TN:
SF:src/unsecure-common-api.js
FN:5,(anonymous_0)
FN:15,(anonymous_1)
FNF:2
FNH:0
FNDA:0,(anonymous_0)
FNDA:0,(anonymous_1)
DA:5,1
DA:6,0
DA:7,0
DA:15,1
DA:16,0
DA:17,0
DA:18,0
LF:7
LH:2
BRF:0
BRH:0
end_of_record
TN:
SF:src/components/Login.js
FN:7,(anonymous_0)
FN:11,(anonymous_1)
FN:15,(anonymous_2)
FNF:3
FNH:3
FNDA:3,(anonymous_0)
FNDA:2,(anonymous_1)
FNDA:1,(anonymous_2)
DA:7,1
DA:8,3
DA:9,3
DA:11,3
DA:12,2
DA:15,3
DA:16,1
DA:18,1
DA:27,3
LF:9
LH:9
BRF:0
BRH:0
end_of_record
TN:
SF:src/components/Navbar.js
FN:8,Navbar
FN:12,(anonymous_1)
FN:13,(anonymous_2)
FN:14,(anonymous_3)
FN:16,handleClick
FN:25,(anonymous_5)
FN:27,(anonymous_6)
FNF:7
FNH:0
FNDA:0,Navbar
FNDA:0,(anonymous_1)
FNDA:0,(anonymous_2)
FNDA:0,(anonymous_3)
FNDA:0,handleClick
FNDA:0,(anonymous_5)
FNDA:0,(anonymous_6)
DA:9,0
DA:10,0
DA:12,0
DA:13,0
DA:14,0
DA:17,0
DA:18,0
DA:20,0
DA:21,0
DA:25,0
DA:26,0
DA:27,0
DA:28,0
DA:32,0
LF:14
LH:0
BRDA:17,0,0,0
BRDA:17,0,1,0
BRDA:17,1,0,0
BRDA:17,1,1,0
BRDA:20,2,0,0
BRDA:20,2,1,0
BRDA:20,3,0,0
BRDA:20,3,1,0
BRF:8
BRH:0
end_of_record
TN:
SF:src/components/QuestionBody.js
FN:3,Title
FN:6,(anonymous_1)
FN:9,(anonymous_2)
FN:10,(anonymous_3)
FN:25,(anonymous_4)
FNF:5
FNH:0
FNDA:0,Title
FNDA:0,(anonymous_1)
FNDA:0,(anonymous_2)
FNDA:0,(anonymous_3)
FNDA:0,(anonymous_4)
DA:4,0
DA:5,0
DA:6,0
DA:7,0
DA:9,0
DA:10,0
DA:11,0
DA:13,0
DA:15,0
DA:26,0
LF:10
LH:0
BRF:0
BRH:0
end_of_record
TN:
SF:src/services/AccountService.js
FN:3,(anonymous_0)
FN:9,(anonymous_1)
FNF:2
FNH:0
FNDA:0,(anonymous_0)
FNDA:0,(anonymous_1)
DA:3,1
DA:4,0
DA:5,0
DA:6,0
DA:9,1
DA:10,0
LF:6
LH:2
BRF:0
BRH:0
end_of_record
TN:
SF:src/services/SubjectService.js
FN:3,(anonymous_0)
FN:7,(anonymous_1)
FNF:2
FNH:0
FNDA:0,(anonymous_0)
FNDA:0,(anonymous_1)
DA:3,1
DA:4,0
DA:7,1
DA:8,0
LF:4
LH:2
BRF:0
BRH:0
end_of_record
