TN:
SF:pages\subject\[subject]\answered.js
FN:8,Subject
FN:28,getServerSideProps
FNF:2
FNH:2
FNDA:2,Subject
FNDA:2,getServerSideProps
DA:10,2
DA:11,1
DA:16,1
DA:30,2
DA:31,2
DA:32,2
DA:34,1
DA:37,2
DA:39,2
DA:41,1
DA:42,1
DA:43,1
DA:44,1
DA:46,0
DA:49,1
DA:51,1
DA:58,1
DA:59,1
DA:61,1
DA:70,0
DA:72,0
LF:21
LH:18
BRDA:10,0,0,1
BRDA:10,0,1,1
BRDA:10,1,0,2
BRDA:10,1,1,1
BRDA:10,1,2,1
BRDA:39,2,0,1
BRDA:39,2,1,1
BRDA:58,3,0,1
BRDA:58,3,1,0
BRDA:58,4,0,1
BRDA:58,4,1,0
BRF:11
BRH:9
end_of_record
TN:
SF:pages\subject\[subject]\createquestion.js
FN:10,QuestionForm
FN:24,(anonymous_1)
FN:28,(anonymous_2)
FN:39,(anonymous_3)
FN:45,(anonymous_4)
FN:51,(anonymous_5)
FN:58,(anonymous_6)
FN:63,(anonymous_7)
FN:88,(anonymous_8)
FN:97,(anonymous_9)
FN:100,(anonymous_10)
FNF:11
FNH:8
FNDA:9,QuestionForm
FNDA:2,(anonymous_1)
FNDA:1,(anonymous_2)
FNDA:1,(anonymous_3)
FNDA:0,(anonymous_4)
FNDA:2,(anonymous_5)
FNDA:0,(anonymous_6)
FNDA:1,(anonymous_7)
FNDA:14,(anonymous_8)
FNDA:2,(anonymous_9)
FNDA:0,(anonymous_10)
DA:12,9
DA:13,9
DA:15,9
DA:16,9
DA:17,9
DA:18,9
DA:19,9
DA:20,9
DA:21,9
DA:24,9
DA:25,2
DA:28,9
DA:29,1
DA:30,1
DA:31,0
DA:32,0
DA:35,1
DA:36,1
DA:37,1
DA:38,1
DA:40,1
DA:41,1
DA:46,0
DA:49,1
DA:51,9
DA:52,2
DA:53,2
DA:54,2
DA:55,2
DA:56,2
DA:58,9
DA:59,0
DA:60,0
DA:61,0
DA:63,9
DA:64,1
DA:67,9
DA:89,14
DA:97,2
DA:100,0
LF:40
LH:33
BRDA:30,0,0,0
BRDA:30,0,1,1
BRF:2
BRH:1
end_of_record
TN:
SF:pages\subject\[subject]\expert.js
FN:9,Subject
FN:29,getServerSideProps
FNF:2
FNH:2
FNDA:2,Subject
FNDA:2,getServerSideProps
DA:11,2
DA:12,1
DA:17,1
DA:31,2
DA:32,2
DA:33,2
DA:35,1
DA:38,2
DA:40,2
DA:42,1
DA:43,1
DA:44,1
DA:45,1
DA:47,0
DA:49,1
DA:51,1
DA:58,1
DA:59,1
DA:61,1
DA:70,0
DA:72,0
LF:21
LH:18
BRDA:11,0,0,1
BRDA:11,0,1,1
BRDA:11,1,0,2
BRDA:11,1,1,1
BRDA:11,1,2,1
BRDA:40,2,0,1
BRDA:40,2,1,1
BRDA:58,3,0,1
BRDA:58,3,1,0
BRDA:58,4,0,1
BRDA:58,4,1,0
BRF:11
BRH:9
end_of_record
TN:
SF:pages\subject\[subject]\index.js
FN:9,Subject
FN:25,getServerSideProps
FNF:2
FNH:2
FNDA:3,Subject
FNDA:3,getServerSideProps
DA:10,3
DA:11,1
DA:14,2
DA:27,3
DA:28,3
DA:29,3
DA:30,3
DA:32,1
DA:35,3
DA:37,3
DA:38,2
DA:39,2
DA:40,2
DA:41,2
DA:43,0
DA:45,2
DA:47,2
DA:53,1
DA:54,1
DA:56,1
DA:63,0
DA:65,0
LF:22
LH:19
BRDA:10,0,0,1
BRDA:10,0,1,2
BRDA:10,1,0,3
BRDA:10,1,1,2
BRDA:10,1,2,2
BRDA:27,2,0,3
BRDA:27,2,1,0
BRDA:37,3,0,2
BRDA:37,3,1,1
BRDA:53,4,0,1
BRDA:53,4,1,0
BRDA:53,5,0,1
BRDA:53,5,1,0
BRF:13
BRH:10
end_of_record
TN:
SF:pages\subject\[subject]\trending.js
FN:8,Subject
FN:28,getServerSideProps
FNF:2
FNH:2
FNDA:2,Subject
FNDA:2,getServerSideProps
DA:10,2
DA:11,1
DA:16,1
DA:30,2
DA:31,2
DA:32,2
DA:34,1
DA:37,2
DA:39,2
DA:41,1
DA:42,1
DA:43,1
DA:44,1
DA:46,0
DA:50,1
DA:52,1
DA:59,1
DA:60,1
DA:62,1
DA:71,0
DA:73,0
LF:21
LH:18
BRDA:10,0,0,1
BRDA:10,0,1,1
BRDA:10,1,0,2
BRDA:10,1,1,1
BRDA:10,1,2,1
BRDA:39,2,0,1
BRDA:39,2,1,1
BRDA:59,3,0,1
BRDA:59,3,1,0
BRDA:59,4,0,1
BRDA:59,4,1,0
BRF:11
BRH:9
end_of_record
TN:
SF:pages\subject\[subject]\unanswered.js
FN:8,Subject
FN:28,getServerSideProps
FNF:2
FNH:2
FNDA:2,Subject
FNDA:2,getServerSideProps
DA:10,2
DA:11,1
DA:16,1
DA:30,2
DA:31,2
DA:32,2
DA:34,1
DA:37,2
DA:39,2
DA:41,1
DA:42,1
DA:43,1
DA:44,1
DA:46,0
DA:49,1
DA:51,1
DA:58,1
DA:59,1
DA:61,1
DA:70,0
DA:72,0
LF:21
LH:18
BRDA:10,0,0,1
BRDA:10,0,1,1
BRDA:10,1,0,2
BRDA:10,1,1,1
BRDA:10,1,2,1
BRDA:39,2,0,1
BRDA:39,2,1,1
BRDA:58,3,0,1
BRDA:58,3,1,0
BRDA:58,4,0,1
BRDA:58,4,1,0
BRF:11
BRH:9
end_of_record
TN:
SF:src\unsecure-common-api.js
FN:5,(anonymous_0)
FN:15,(anonymous_1)
FNF:2
FNH:2
FNDA:24,(anonymous_0)
FNDA:1,(anonymous_1)
DA:3,6
DA:5,6
DA:6,24
DA:7,24
DA:15,6
DA:16,1
DA:17,1
DA:18,1
LF:8
LH:8
BRDA:3,0,0,6
BRDA:3,0,1,6
BRF:2
BRH:2
end_of_record
TN:
SF:src\components\FilterButtons.js
FN:14,FilterButtons
FNF:1
FNH:1
FNDA:6,FilterButtons
DA:15,6
DA:16,6
DA:18,6
LF:3
LH:3
BRDA:24,0,0,0
BRDA:24,0,1,6
BRDA:32,1,0,6
BRDA:32,1,1,0
BRDA:42,2,0,0
BRDA:42,2,1,6
BRDA:50,3,0,0
BRDA:50,3,1,6
BRDA:58,4,0,0
BRDA:58,4,1,6
BRF:10
BRH:5
end_of_record
TN:
SF:src\components\Login.js
FN:10,(anonymous_0)
FN:14,(anonymous_1)
FN:18,(anonymous_2)
FN:22,(anonymous_3)
FN:28,(anonymous_4)
FNF:5
FNH:5
FNDA:12,(anonymous_0)
FNDA:6,(anonymous_1)
FNDA:3,(anonymous_2)
FNDA:2,(anonymous_3)
FNDA:1,(anonymous_4)
DA:10,3
DA:11,12
DA:12,12
DA:14,12
DA:15,6
DA:18,12
DA:19,3
DA:21,3
DA:23,2
DA:24,2
DA:25,2
DA:26,2
DA:29,1
DA:32,12
LF:14
LH:14
BRF:0
BRH:0
end_of_record
TN:
SF:src\components\Navbar.js
FN:32,NavBar
FN:43,(anonymous_1)
FN:56,(anonymous_2)
FN:63,(anonymous_3)
FN:64,(anonymous_4)
FN:65,(anonymous_5)
FN:67,handleClick
FN:74,(anonymous_7)
FNF:8
FNH:2
FNDA:16,NavBar
FNDA:7,(anonymous_1)
FNDA:0,(anonymous_2)
FNDA:0,(anonymous_3)
FNDA:0,(anonymous_4)
FNDA:0,(anonymous_5)
FNDA:0,handleClick
FNDA:0,(anonymous_7)
DA:33,16
DA:35,16
DA:36,16
DA:37,16
DA:40,16
DA:41,16
DA:43,16
DA:45,7
DA:46,7
DA:47,7
DA:48,1
DA:50,1
DA:52,6
DA:56,16
DA:57,0
DA:58,0
DA:59,0
DA:63,16
DA:64,16
DA:65,16
DA:68,0
DA:69,0
DA:70,0
DA:71,0
DA:74,16
DA:75,0
DA:81,16
LF:27
LH:19
BRDA:46,0,0,1
BRDA:46,0,1,6
BRDA:47,1,0,1
BRDA:47,1,1,6
BRDA:68,2,0,0
BRDA:68,2,1,0
BRDA:68,3,0,0
BRDA:68,3,1,0
BRDA:70,4,0,0
BRDA:70,4,1,0
BRDA:70,5,0,0
BRDA:70,5,1,0
BRDA:134,6,0,7
BRDA:134,6,1,9
BRF:14
BRH:6
end_of_record
TN:
SF:src\components\QuestionBody.js
FN:6,Title
FN:10,(anonymous_1)
FN:19,HumanDateTime
FN:26,NrOfAnswers
FN:33,IsTagsNull
FN:35,(anonymous_5)
FN:48,(anonymous_6)
FNF:7
FNH:6
FNDA:12,Title
FNDA:6,(anonymous_1)
FNDA:17,HumanDateTime
FNDA:17,NrOfAnswers
FNDA:17,IsTagsNull
FNDA:0,(anonymous_5)
FNDA:17,(anonymous_6)
DA:7,12
DA:8,12
DA:10,12
DA:11,6
DA:12,6
DA:13,0
DA:20,17
DA:21,17
DA:22,17
DA:23,17
DA:27,17
DA:28,0
DA:30,17
DA:34,17
DA:35,0
DA:36,0
DA:44,12
DA:45,6
DA:49,17
DA:82,6
DA:83,0
DA:89,6
LF:22
LH:17
BRDA:12,0,0,0
BRDA:12,0,1,6
BRDA:27,1,0,0
BRDA:27,1,1,17
BRDA:34,2,0,0
BRDA:34,2,1,17
BRDA:44,3,0,6
BRDA:44,3,1,6
BRDA:82,4,0,0
BRDA:82,4,1,6
BRF:10
BRH:6
end_of_record
TN:
SF:src\components\Register.js
FN:10,(anonymous_0)
FN:22,(anonymous_1)
FN:26,(anonymous_2)
FN:30,(anonymous_3)
FN:107,(anonymous_4)
FN:111,(anonymous_5)
FN:147,(anonymous_6)
FN:168,(anonymous_7)
FN:191,(anonymous_8)
FNF:9
FNH:8
FNDA:32,(anonymous_0)
FNDA:15,(anonymous_1)
FNDA:5,(anonymous_2)
FNDA:5,(anonymous_3)
FNDA:1,(anonymous_4)
FNDA:1,(anonymous_5)
FNDA:0,(anonymous_6)
FNDA:1,(anonymous_7)
FNDA:5,(anonymous_8)
DA:10,1
DA:11,32
DA:16,32
DA:17,32
DA:18,32
DA:19,32
DA:20,32
DA:22,32
DA:23,15
DA:26,32
DA:27,5
DA:30,32
DA:31,5
DA:32,5
DA:33,5
DA:34,5
DA:36,5
DA:37,5
DA:38,5
DA:39,5
DA:40,5
DA:43,5
DA:44,0
DA:45,0
DA:49,5
DA:50,0
DA:51,0
DA:55,5
DA:56,0
DA:57,0
DA:61,5
DA:66,1
DA:67,1
DA:71,5
DA:72,1
DA:73,1
DA:76,5
DA:81,0
DA:82,0
DA:85,5
DA:86,2
DA:87,2
DA:90,5
DA:91,0
DA:92,0
DA:95,5
DA:96,2
DA:97,2
DA:99,5
DA:100,3
DA:101,3
DA:102,3
DA:103,3
DA:106,2
DA:108,1
DA:109,1
DA:112,1
DA:115,32
DA:148,0
DA:169,1
DA:192,5
LF:61
LH:50
BRDA:43,0,0,0
BRDA:43,0,1,5
BRDA:49,1,0,0
BRDA:49,1,1,5
BRDA:55,2,0,0
BRDA:55,2,1,5
BRDA:61,3,0,1
BRDA:61,3,1,4
BRDA:71,4,0,1
BRDA:71,4,1,4
BRDA:76,5,0,0
BRDA:76,5,1,5
BRDA:77,6,0,5
BRDA:77,6,1,5
BRDA:77,6,2,5
BRDA:85,7,0,2
BRDA:85,7,1,3
BRDA:90,8,0,0
BRDA:90,8,1,5
BRDA:95,9,0,2
BRDA:95,9,1,3
BRDA:99,10,0,3
BRDA:99,10,1,2
BRF:23
BRH:18
end_of_record
TN:
SF:src\components\SubjectList.js
FN:13,(anonymous_0)
FN:16,(anonymous_1)
FN:19,(anonymous_2)
FN:22,(anonymous_3)
FN:26,filter
FN:38,printSubjects
FN:40,(anonymous_6)
FNF:7
FNH:6
FNDA:2,(anonymous_0)
FNDA:2,(anonymous_1)
FNDA:1,(anonymous_2)
FNDA:0,(anonymous_3)
FNDA:52,filter
FNDA:52,printSubjects
FNDA:7,(anonymous_6)
DA:13,1
DA:14,2
DA:16,2
DA:18,2
DA:20,1
DA:27,52
DA:28,52
DA:29,52
DA:30,182
DA:33,7
DA:35,52
DA:39,52
DA:40,52
DA:41,7
DA:47,2
LF:15
LH:15
BRDA:30,0,0,7
BRDA:30,0,1,175
BRF:2
BRH:2
end_of_record
TN:
SF:src\components\SubjectListItem.js
FN:4,SubjectListItem
FNF:1
FNH:1
FNDA:7,SubjectListItem
DA:5,7
LF:1
LH:1
BRF:0
BRH:0
end_of_record
TN:
SF:src\services\AccountService.js
FN:3,(anonymous_0)
FN:7,(anonymous_1)
FN:11,(anonymous_2)
FN:15,(anonymous_3)
FN:19,(anonymous_4)
FN:23,(anonymous_5)
FNF:6
FNH:2
FNDA:3,(anonymous_0)
FNDA:2,(anonymous_1)
FNDA:0,(anonymous_2)
FNDA:0,(anonymous_3)
FNDA:0,(anonymous_4)
FNDA:0,(anonymous_5)
DA:3,3
DA:4,3
DA:7,3
DA:8,2
DA:11,3
DA:12,0
DA:15,3
DA:16,0
DA:19,3
DA:20,0
DA:23,3
DA:24,0
LF:12
LH:8
BRF:0
BRH:0
end_of_record
TN:
SF:src\services\QuestionService.js
FN:3,(anonymous_0)
FN:7,(anonymous_1)
FN:11,(anonymous_2)
FN:15,(anonymous_3)
FNF:4
FNH:2
FNDA:0,(anonymous_0)
FNDA:1,(anonymous_1)
FNDA:0,(anonymous_2)
FNDA:6,(anonymous_3)
DA:3,3
DA:4,0
DA:7,3
DA:8,1
DA:11,3
DA:12,0
DA:15,3
DA:16,6
LF:8
LH:6
BRF:0
BRH:0
end_of_record
TN:
SF:src\services\SubjectService.js
FN:3,(anonymous_0)
FN:7,(anonymous_1)
FN:11,(anonymous_2)
FN:15,(anonymous_3)
FNF:4
FNH:2
FNDA:2,(anonymous_0)
FNDA:0,(anonymous_1)
FNDA:11,(anonymous_2)
FNDA:0,(anonymous_3)
DA:3,3
DA:4,2
DA:7,3
DA:8,0
DA:11,3
DA:12,11
DA:15,3
DA:16,0
LF:8
LH:6
BRF:0
BRH:0
end_of_record
